[Tue Oct 21 14:05:43.507730 2025] [ssl:warn] [pid 22152:tid 456] AH01909: www.example.com:443:0 server certificate does NOT include an ID which matches the server name
[Tue Oct 21 14:05:43.565726 2025] [ssl:warn] [pid 22152:tid 456] AH01909: www.example.com:443:0 server certificate does NOT include an ID which matches the server name
[Tue Oct 21 14:05:43.624531 2025] [mpm_winnt:notice] [pid 22152:tid 456] AH00455: Apache/2.4.58 (Win64) OpenSSL/3.1.3 PHP/8.2.12 configured -- resuming normal operations
[Tue Oct 21 14:05:43.624531 2025] [mpm_winnt:notice] [pid 22152:tid 456] AH00456: Apache Lounge VS17 Server built: Oct 18 2023 13:03:18
[Tue Oct 21 14:05:43.624531 2025] [core:notice] [pid 22152:tid 456] AH00094: Command line: 'C:\\xampp\\apache\\bin\\httpd.exe -d C:/xampp/apache'
[Tue Oct 21 14:05:43.632532 2025] [mpm_winnt:notice] [pid 22152:tid 456] AH00418: Parent: Created child process 21412
[Tue Oct 21 14:05:44.340198 2025] [ssl:warn] [pid 21412:tid 484] AH01909: www.example.com:443:0 server certificate does NOT include an ID which matches the server name
[Tue Oct 21 14:05:44.390958 2025] [ssl:warn] [pid 21412:tid 484] AH01909: www.example.com:443:0 server certificate does NOT include an ID which matches the server name
[Tue Oct 21 14:05:44.440960 2025] [mpm_winnt:notice] [pid 21412:tid 484] AH00354: Child: Starting 150 worker threads.
[Tue Oct 21 14:08:47.433488 2025] [ssl:warn] [pid 32132:tid 476] AH01909: www.example.com:443:0 server certificate does NOT include an ID which matches the server name
[Tue Oct 21 14:08:47.485449 2025] [ssl:warn] [pid 32132:tid 476] AH01909: www.example.com:443:0 server certificate does NOT include an ID which matches the server name
[Tue Oct 21 14:08:47.533458 2025] [mpm_winnt:notice] [pid 32132:tid 476] AH00455: Apache/2.4.58 (Win64) OpenSSL/3.1.3 PHP/8.2.12 configured -- resuming normal operations
[Tue Oct 21 14:08:47.533458 2025] [mpm_winnt:notice] [pid 32132:tid 476] AH00456: Apache Lounge VS17 Server built: Oct 18 2023 13:03:18
[Tue Oct 21 14:08:47.533458 2025] [core:notice] [pid 32132:tid 476] AH00094: Command line: 'c:\\xampp\\apache\\bin\\httpd.exe -d C:/xampp/apache'
[Tue Oct 21 14:08:47.541463 2025] [mpm_winnt:notice] [pid 32132:tid 476] AH00418: Parent: Created child process 32496
[Tue Oct 21 14:08:48.132312 2025] [ssl:warn] [pid 32496:tid 468] AH01909: www.example.com:443:0 server certificate does NOT include an ID which matches the server name
[Tue Oct 21 14:08:48.186335 2025] [ssl:warn] [pid 32496:tid 468] AH01909: www.example.com:443:0 server certificate does NOT include an ID which matches the server name
[Tue Oct 21 14:08:48.233335 2025] [mpm_winnt:notice] [pid 32496:tid 468] AH00354: Child: Starting 150 worker threads.
[Tue Oct 21 14:11:24.207369 2025] [mpm_winnt:crit] [pid 32496:tid 468] AH02538: Child: Parent process exited abruptly. Child process is ending
[Tue Oct 21 14:20:38.787637 2025] [ssl:warn] [pid 30852:tid 444] AH01909: www.example.com:443:0 server certificate does NOT include an ID which matches the server name
[Tue Oct 21 14:20:38.836638 2025] [core:warn] [pid 30852:tid 444] AH00098: pid file C:/xampp/apache/logs/httpd.pid overwritten -- Unclean shutdown of previous Apache run?
[Tue Oct 21 14:20:38.839637 2025] [ssl:warn] [pid 30852:tid 444] AH01909: www.example.com:443:0 server certificate does NOT include an ID which matches the server name
[Tue Oct 21 14:20:38.885637 2025] [mpm_winnt:notice] [pid 30852:tid 444] AH00455: Apache/2.4.58 (Win64) OpenSSL/3.1.3 PHP/8.2.12 configured -- resuming normal operations
[Tue Oct 21 14:20:38.885637 2025] [mpm_winnt:notice] [pid 30852:tid 444] AH00456: Apache Lounge VS17 Server built: Oct 18 2023 13:03:18
[Tue Oct 21 14:20:38.885637 2025] [core:notice] [pid 30852:tid 444] AH00094: Command line: 'c:\\xampp\\apache\\bin\\httpd.exe -d C:/xampp/apache'
[Tue Oct 21 14:20:38.890638 2025] [mpm_winnt:notice] [pid 30852:tid 444] AH00418: Parent: Created child process 3540
[Tue Oct 21 14:20:39.337019 2025] [ssl:warn] [pid 3540:tid 440] AH01909: www.example.com:443:0 server certificate does NOT include an ID which matches the server name
[Tue Oct 21 14:20:39.387642 2025] [ssl:warn] [pid 3540:tid 440] AH01909: www.example.com:443:0 server certificate does NOT include an ID which matches the server name
[Tue Oct 21 14:20:39.434583 2025] [mpm_winnt:notice] [pid 3540:tid 440] AH00354: Child: Starting 150 worker threads.
[Thu Oct 23 06:51:25.739310 2025] [php:warn] [pid 3540:tid 1928] [client ::1:52408] PHP Warning:  include(app/Views/layouts/login-layout.php): Failed to open stream: No such file or directory in C:\\xampp\\htdocs\\pos-system\\app\\Views\\pages\\login.php on line 84
[Thu Oct 23 06:51:25.739310 2025] [php:warn] [pid 3540:tid 1928] [client ::1:52408] PHP Warning:  include(): Failed opening 'app/Views/layouts/login-layout.php' for inclusion (include_path='C:\\xampp\\php\\PEAR') in C:\\xampp\\htdocs\\pos-system\\app\\Views\\pages\\login.php on line 84
[Thu Oct 23 06:51:28.945001 2025] [php:warn] [pid 3540:tid 1928] [client ::1:52408] PHP Warning:  include(app/Views/layouts/login-layout.php): Failed to open stream: No such file or directory in C:\\xampp\\htdocs\\pos-system\\app\\Views\\pages\\login.php on line 84
[Thu Oct 23 06:51:28.945001 2025] [php:warn] [pid 3540:tid 1928] [client ::1:52408] PHP Warning:  include(): Failed opening 'app/Views/layouts/login-layout.php' for inclusion (include_path='C:\\xampp\\php\\PEAR') in C:\\xampp\\htdocs\\pos-system\\app\\Views\\pages\\login.php on line 84
[Thu Oct 23 06:51:29.871854 2025] [php:warn] [pid 3540:tid 1928] [client ::1:52408] PHP Warning:  include(app/Views/layouts/login-layout.php): Failed to open stream: No such file or directory in C:\\xampp\\htdocs\\pos-system\\app\\Views\\pages\\login.php on line 84
[Thu Oct 23 06:51:29.871854 2025] [php:warn] [pid 3540:tid 1928] [client ::1:52408] PHP Warning:  include(): Failed opening 'app/Views/layouts/login-layout.php' for inclusion (include_path='C:\\xampp\\php\\PEAR') in C:\\xampp\\htdocs\\pos-system\\app\\Views\\pages\\login.php on line 84
[Thu Oct 23 06:51:42.717369 2025] [php:warn] [pid 3540:tid 1928] [client ::1:52411] PHP Warning:  include(app/Views/layouts/login-layout.php): Failed to open stream: No such file or directory in C:\\xampp\\htdocs\\pos-system\\app\\Views\\pages\\login.php on line 84
[Thu Oct 23 06:51:42.717369 2025] [php:warn] [pid 3540:tid 1928] [client ::1:52411] PHP Warning:  include(): Failed opening 'app/Views/layouts/login-layout.php' for inclusion (include_path='C:\\xampp\\php\\PEAR') in C:\\xampp\\htdocs\\pos-system\\app\\Views\\pages\\login.php on line 84
[Thu Oct 23 06:52:24.598003 2025] [php:warn] [pid 3540:tid 1928] [client ::1:52475] PHP Warning:  include(../layouts/login-layout.php): Failed to open stream: No such file or directory in C:\\xampp\\htdocs\\pos-system\\app\\Views\\pages\\login.php on line 84
[Thu Oct 23 06:52:24.598003 2025] [php:warn] [pid 3540:tid 1928] [client ::1:52475] PHP Warning:  include(): Failed opening '../layouts/login-layout.php' for inclusion (include_path='C:\\xampp\\php\\PEAR') in C:\\xampp\\htdocs\\pos-system\\app\\Views\\pages\\login.php on line 84
[Thu Oct 23 06:52:27.374554 2025] [php:warn] [pid 3540:tid 1928] [client ::1:52475] PHP Warning:  include(../layouts/login-layout.php): Failed to open stream: No such file or directory in C:\\xampp\\htdocs\\pos-system\\app\\Views\\pages\\login.php on line 84
[Thu Oct 23 06:52:27.374554 2025] [php:warn] [pid 3540:tid 1928] [client ::1:52475] PHP Warning:  include(): Failed opening '../layouts/login-layout.php' for inclusion (include_path='C:\\xampp\\php\\PEAR') in C:\\xampp\\htdocs\\pos-system\\app\\Views\\pages\\login.php on line 84
[Thu Oct 23 06:52:27.966047 2025] [php:warn] [pid 3540:tid 1928] [client ::1:52475] PHP Warning:  include(../layouts/login-layout.php): Failed to open stream: No such file or directory in C:\\xampp\\htdocs\\pos-system\\app\\Views\\pages\\login.php on line 84
[Thu Oct 23 06:52:27.966047 2025] [php:warn] [pid 3540:tid 1928] [client ::1:52475] PHP Warning:  include(): Failed opening '../layouts/login-layout.php' for inclusion (include_path='C:\\xampp\\php\\PEAR') in C:\\xampp\\htdocs\\pos-system\\app\\Views\\pages\\login.php on line 84
[Thu Oct 23 06:52:28.244291 2025] [php:warn] [pid 3540:tid 1928] [client ::1:52475] PHP Warning:  include(../layouts/login-layout.php): Failed to open stream: No such file or directory in C:\\xampp\\htdocs\\pos-system\\app\\Views\\pages\\login.php on line 84
[Thu Oct 23 06:52:28.244291 2025] [php:warn] [pid 3540:tid 1928] [client ::1:52475] PHP Warning:  include(): Failed opening '../layouts/login-layout.php' for inclusion (include_path='C:\\xampp\\php\\PEAR') in C:\\xampp\\htdocs\\pos-system\\app\\Views\\pages\\login.php on line 84
[Thu Oct 23 06:52:28.425066 2025] [php:warn] [pid 3540:tid 1928] [client ::1:52475] PHP Warning:  include(../layouts/login-layout.php): Failed to open stream: No such file or directory in C:\\xampp\\htdocs\\pos-system\\app\\Views\\pages\\login.php on line 84
[Thu Oct 23 06:52:28.425066 2025] [php:warn] [pid 3540:tid 1928] [client ::1:52475] PHP Warning:  include(): Failed opening '../layouts/login-layout.php' for inclusion (include_path='C:\\xampp\\php\\PEAR') in C:\\xampp\\htdocs\\pos-system\\app\\Views\\pages\\login.php on line 84
[Thu Oct 23 06:52:28.604321 2025] [php:warn] [pid 3540:tid 1928] [client ::1:52475] PHP Warning:  include(../layouts/login-layout.php): Failed to open stream: No such file or directory in C:\\xampp\\htdocs\\pos-system\\app\\Views\\pages\\login.php on line 84
[Thu Oct 23 06:52:28.604321 2025] [php:warn] [pid 3540:tid 1928] [client ::1:52475] PHP Warning:  include(): Failed opening '../layouts/login-layout.php' for inclusion (include_path='C:\\xampp\\php\\PEAR') in C:\\xampp\\htdocs\\pos-system\\app\\Views\\pages\\login.php on line 84
[Thu Oct 23 06:56:40.137517 2025] [php:error] [pid 3540:tid 1928] [client ::1:52631] script 'C:/xampp/htdocs/pos-system/pos.php' not found or unable to stat, referer: http://localhost/pos-system/dashboard.php
[Thu Oct 23 09:35:45.111158 2025] [php:error] [pid 3540:tid 1932] [client ::1:21756] script 'C:/xampp/htdocs/pos-system/app/Views/pages/pos.php' not found or unable to stat, referer: http://localhost/pos-system/app/Views/pages/dashboard.php
[Thu Oct 23 09:35:48.028380 2025] [php:error] [pid 3540:tid 1932] [client ::1:21756] script 'C:/xampp/htdocs/pos-system/app/Views/pages/pos.php' not found or unable to stat, referer: http://localhost/pos-system/app/Views/pages/dashboard.php
[Thu Oct 23 09:38:10.408795 2025] [php:error] [pid 3540:tid 1932] [client ::1:21781] script 'C:/xampp/htdocs/pos-system/app/logout.php' not found or unable to stat, referer: http://localhost/pos-system/app/Views/pages/dashboard.php
[Thu Oct 23 10:17:08.279305 2025] [php:error] [pid 3540:tid 1932] [client ::1:45271] script 'C:/xampp/htdocs/pos-system/app/Views/pages/pos.php' not found or unable to stat, referer: http://localhost/pos-system/app/Views/pages/dashboard.php
[Thu Oct 23 10:42:09.736292 2025] [php:error] [pid 3540:tid 1928] [client ::1:49280] script 'C:/xampp/htdocs/pos-system/app/Views/pages/inventory.php' not found or unable to stat, referer: http://localhost/pos-system/app/Views/pages/pos.php
[Thu Oct 23 11:18:50.490481 2025] [php:error] [pid 3540:tid 1932] [client ::1:60122] script 'C:/xampp/htdocs/pos-system/app/Views/pages/workers.php' not found or unable to stat, referer: http://localhost/pos-system/app/Views/pages/inventory.php
[Thu Oct 23 11:23:04.349970 2025] [php:error] [pid 3540:tid 1920] [client ::1:60046] script 'C:/xampp/htdocs/pos-system/app/Views/pages/reports.php' not found or unable to stat, referer: http://localhost/pos-system/app/Views/pages/dashboard.php
[Thu Oct 23 11:31:01.629250 2025] [php:error] [pid 3540:tid 1928] [client ::1:3189] script 'C:/xampp/htdocs/pos-system/app/logout.php' not found or unable to stat, referer: http://localhost/pos-system/app/Views/pages/dashboard.php
[Thu Oct 23 11:31:06.789600 2025] [php:error] [pid 3540:tid 1928] [client ::1:3189] script 'C:/xampp/htdocs/pos-system/app/logout.php' not found or unable to stat, referer: http://localhost/pos-system/app/Views/pages/dashboard.php
[Thu Oct 23 11:31:55.342857 2025] [php:error] [pid 3540:tid 1920] [client ::1:54009] script 'C:/xampp/htdocs/pos-system/app/Views/pages/reports.php' not found or unable to stat, referer: http://localhost/pos-system/app/Views/pages/workers.php
[Thu Oct 23 11:32:14.213007 2025] [php:error] [pid 3540:tid 1928] [client ::1:34439] script 'C:/xampp/htdocs/pos-system/app/Views/pages/settings.php' not found or unable to stat, referer: http://localhost/pos-system/app/Views/pages/reports.php
[Thu Oct 23 11:41:33.619778 2025] [php:error] [pid 3540:tid 1928] [client ::1:53536] script 'C:/xampp/htdocs/pos-system/app/logout.php' not found or unable to stat, referer: http://localhost/pos-system/app/Views/pages/settings.php
[Thu Oct 23 11:43:13.601737 2025] [php:error] [pid 3540:tid 1920] [client ::1:49510] script 'C:/xampp/htdocs/pos-system/app/logout.php' not found or unable to stat, referer: http://localhost/pos-system/app/Views/pages/settings.php
[Thu Oct 23 11:43:16.058628 2025] [php:error] [pid 3540:tid 1920] [client ::1:49510] script 'C:/xampp/htdocs/pos-system/app/logout.php' not found or unable to stat, referer: http://localhost/pos-system/app/Views/pages/settings.php
[Thu Oct 23 11:43:17.948717 2025] [php:error] [pid 3540:tid 1920] [client ::1:49510] script 'C:/xampp/htdocs/pos-system/app/logout.php' not found or unable to stat, referer: http://localhost/pos-system/app/Views/pages/settings.php
[Thu Oct 23 11:45:29.119857 2025] [php:error] [pid 3540:tid 1928] [client ::1:56140] script 'C:/xampp/htdocs/pos-system/app/logout.php' not found or unable to stat, referer: http://localhost/pos-system/app/Views/pages/workers.php
[Thu Oct 23 11:45:39.432892 2025] [php:error] [pid 3540:tid 1920] [client ::1:15449] script 'C:/xampp/htdocs/pos-system/app/login.php' not found or unable to stat
[Thu Oct 23 11:45:43.524739 2025] [php:error] [pid 3540:tid 1920] [client ::1:15449] script 'C:/xampp/htdocs/pos-system/app/login.php' not found or unable to stat
[Thu Oct 23 12:02:41.706738 2025] [php:warn] [pid 3540:tid 1920] [client ::1:47784] PHP Warning:  include(../layouts/login-layout.php): Failed to open stream: No such file or directory in C:\\xampp\\htdocs\\pos-system\\app\\Views\\pages\\login.php on line 93
[Thu Oct 23 12:02:41.707738 2025] [php:warn] [pid 3540:tid 1920] [client ::1:47784] PHP Warning:  include(): Failed opening '../layouts/login-layout.php' for inclusion (include_path='C:\\xampp\\php\\PEAR') in C:\\xampp\\htdocs\\pos-system\\app\\Views\\pages\\login.php on line 93
[Thu Oct 23 12:02:51.159137 2025] [php:error] [pid 3540:tid 1920] [client ::1:47810] script 'C:/xampp/htdocs/pos-system/login.php' not found or unable to stat
[Thu Oct 23 12:02:54.357641 2025] [php:error] [pid 3540:tid 1920] [client ::1:47810] script 'C:/xampp/htdocs/pos-system/login.php' not found or unable to stat
[Thu Oct 23 13:13:48.859684 2025] [php:error] [pid 3540:tid 1928] [client ::1:12398] script 'C:/xampp/htdocs/pos-system/logout.php' not found or unable to stat
[Thu Oct 23 13:13:56.941665 2025] [php:error] [pid 3540:tid 1928] [client ::1:12400] script 'C:/xampp/htdocs/pos-system/login.php' not found or unable to stat
[Thu Oct 23 14:01:23.966621 2025] [php:warn] [pid 3540:tid 1896] [client ::1:61898] PHP Warning:  include(../layouts/login-layout.php): Failed to open stream: No such file or directory in C:\\xampp\\htdocs\\pos-system\\app\\Views\\pages\\login.php on line 93
[Thu Oct 23 14:01:23.966621 2025] [php:warn] [pid 3540:tid 1896] [client ::1:61898] PHP Warning:  include(): Failed opening '../layouts/login-layout.php' for inclusion (include_path='C:\\xampp\\php\\PEAR') in C:\\xampp\\htdocs\\pos-system\\app\\Views\\pages\\login.php on line 93
[Fri Oct 24 03:55:36.989623 2025] [ssl:warn] [pid 20372:tid 476] AH01909: www.example.com:443:0 server certificate does NOT include an ID which matches the server name
[Fri Oct 24 03:55:37.107530 2025] [core:warn] [pid 20372:tid 476] AH00098: pid file C:/xampp/apache/logs/httpd.pid overwritten -- Unclean shutdown of previous Apache run?
[Fri Oct 24 03:55:37.107530 2025] [ssl:warn] [pid 20372:tid 476] AH01909: www.example.com:443:0 server certificate does NOT include an ID which matches the server name
[Fri Oct 24 03:55:38.427273 2025] [mpm_winnt:notice] [pid 20372:tid 476] AH00455: Apache/2.4.58 (Win64) OpenSSL/3.1.3 PHP/8.2.12 configured -- resuming normal operations
[Fri Oct 24 03:55:38.427273 2025] [mpm_winnt:notice] [pid 20372:tid 476] AH00456: Apache Lounge VS17 Server built: Oct 18 2023 13:03:18
[Fri Oct 24 03:55:38.427273 2025] [core:notice] [pid 20372:tid 476] AH00094: Command line: 'c:\\xampp\\apache\\bin\\httpd.exe -d C:/xampp/apache'
[Fri Oct 24 03:55:38.435597 2025] [mpm_winnt:notice] [pid 20372:tid 476] AH00418: Parent: Created child process 13340
[Fri Oct 24 03:55:39.041007 2025] [ssl:warn] [pid 13340:tid 452] AH01909: www.example.com:443:0 server certificate does NOT include an ID which matches the server name
[Fri Oct 24 03:55:39.110137 2025] [ssl:warn] [pid 13340:tid 452] AH01909: www.example.com:443:0 server certificate does NOT include an ID which matches the server name
[Fri Oct 24 03:55:39.194031 2025] [mpm_winnt:notice] [pid 13340:tid 452] AH00354: Child: Starting 150 worker threads.
[Fri Oct 24 03:57:33.549377 2025] [php:warn] [pid 13340:tid 1948] [client ::1:48339] PHP Warning:  include(../layouts/login-layout.php): Failed to open stream: No such file or directory in C:\\xampp\\htdocs\\pos-system\\app\\Views\\pages\\login.php on line 93
[Fri Oct 24 03:57:33.549377 2025] [php:warn] [pid 13340:tid 1948] [client ::1:48339] PHP Warning:  include(): Failed opening '../layouts/login-layout.php' for inclusion (include_path='C:\\xampp\\php\\PEAR') in C:\\xampp\\htdocs\\pos-system\\app\\Views\\pages\\login.php on line 93
[Fri Oct 24 04:12:32.802664 2025] [ssl:warn] [pid 17200:tid 484] AH01909: www.example.com:443:0 server certificate does NOT include an ID which matches the server name
[Fri Oct 24 04:12:32.850706 2025] [core:warn] [pid 17200:tid 484] AH00098: pid file C:/xampp/apache/logs/httpd.pid overwritten -- Unclean shutdown of previous Apache run?
[Fri Oct 24 04:12:32.850706 2025] [ssl:warn] [pid 17200:tid 484] AH01909: www.example.com:443:0 server certificate does NOT include an ID which matches the server name
[Fri Oct 24 04:12:33.398247 2025] [mpm_winnt:notice] [pid 17200:tid 484] AH00455: Apache/2.4.58 (Win64) OpenSSL/3.1.3 PHP/8.2.12 configured -- resuming normal operations
[Fri Oct 24 04:12:33.398247 2025] [mpm_winnt:notice] [pid 17200:tid 484] AH00456: Apache Lounge VS17 Server built: Oct 18 2023 13:03:18
[Fri Oct 24 04:12:33.398247 2025] [core:notice] [pid 17200:tid 484] AH00094: Command line: 'c:\\xampp\\apache\\bin\\httpd.exe -d C:/xampp/apache'
[Fri Oct 24 04:12:33.402259 2025] [mpm_winnt:notice] [pid 17200:tid 484] AH00418: Parent: Created child process 9604
[Fri Oct 24 04:12:33.787639 2025] [ssl:warn] [pid 9604:tid 440] AH01909: www.example.com:443:0 server certificate does NOT include an ID which matches the server name
[Fri Oct 24 04:12:33.844600 2025] [ssl:warn] [pid 9604:tid 440] AH01909: www.example.com:443:0 server certificate does NOT include an ID which matches the server name
[Fri Oct 24 04:12:33.895684 2025] [mpm_winnt:notice] [pid 9604:tid 440] AH00354: Child: Starting 150 worker threads.
[Fri Oct 24 04:12:53.406639 2025] [php:warn] [pid 9604:tid 1936] [client ::1:20344] PHP Warning:  include(../layouts/login-layout.php): Failed to open stream: No such file or directory in C:\\xampp\\htdocs\\pos-system\\app\\Views\\pages\\login.php on line 93
[Fri Oct 24 04:12:53.406639 2025] [php:warn] [pid 9604:tid 1936] [client ::1:20344] PHP Warning:  include(): Failed opening '../layouts/login-layout.php' for inclusion (include_path='C:\\xampp\\php\\PEAR') in C:\\xampp\\htdocs\\pos-system\\app\\Views\\pages\\login.php on line 93
[Fri Oct 24 10:40:12.584440 2025] [ssl:warn] [pid 8304:tid 464] AH01909: www.example.com:443:0 server certificate does NOT include an ID which matches the server name
[Fri Oct 24 10:40:12.631296 2025] [core:warn] [pid 8304:tid 464] AH00098: pid file C:/xampp/apache/logs/httpd.pid overwritten -- Unclean shutdown of previous Apache run?
[Fri Oct 24 10:40:12.635216 2025] [ssl:warn] [pid 8304:tid 464] AH01909: www.example.com:443:0 server certificate does NOT include an ID which matches the server name
[Fri Oct 24 10:40:13.205244 2025] [mpm_winnt:notice] [pid 8304:tid 464] AH00455: Apache/2.4.58 (Win64) OpenSSL/3.1.3 PHP/8.2.12 configured -- resuming normal operations
[Fri Oct 24 10:40:13.205244 2025] [mpm_winnt:notice] [pid 8304:tid 464] AH00456: Apache Lounge VS17 Server built: Oct 18 2023 13:03:18
[Fri Oct 24 10:40:13.205244 2025] [core:notice] [pid 8304:tid 464] AH00094: Command line: 'c:\\xampp\\apache\\bin\\httpd.exe -d C:/xampp/apache'
[Fri Oct 24 10:40:13.210235 2025] [mpm_winnt:notice] [pid 8304:tid 464] AH00418: Parent: Created child process 10840
[Fri Oct 24 10:40:13.614904 2025] [ssl:warn] [pid 10840:tid 204] AH01909: www.example.com:443:0 server certificate does NOT include an ID which matches the server name
[Fri Oct 24 10:40:13.658228 2025] [ssl:warn] [pid 10840:tid 204] AH01909: www.example.com:443:0 server certificate does NOT include an ID which matches the server name
[Fri Oct 24 10:40:13.704382 2025] [mpm_winnt:notice] [pid 10840:tid 204] AH00354: Child: Starting 150 worker threads.
[Fri Oct 24 11:18:04.139345 2025] [php:warn] [pid 10840:tid 1956] [client ::1:52842] PHP Warning:  include(../layouts/login-layout.php): Failed to open stream: No such file or directory in C:\\xampp\\htdocs\\pos-system\\app\\Views\\pages\\login.php on line 93
[Fri Oct 24 11:18:04.139345 2025] [php:warn] [pid 10840:tid 1956] [client ::1:52842] PHP Warning:  include(): Failed opening '../layouts/login-layout.php' for inclusion (include_path='C:\\xampp\\php\\PEAR') in C:\\xampp\\htdocs\\pos-system\\app\\Views\\pages\\login.php on line 93
[Sat Oct 25 10:51:58.542152 2025] [ssl:warn] [pid 15388:tid 228] AH01909: www.example.com:443:0 server certificate does NOT include an ID which matches the server name
[Sat Oct 25 10:51:58.621966 2025] [core:warn] [pid 15388:tid 228] AH00098: pid file C:/xampp/apache/logs/httpd.pid overwritten -- Unclean shutdown of previous Apache run?
[Sat Oct 25 10:51:58.621966 2025] [ssl:warn] [pid 15388:tid 228] AH01909: www.example.com:443:0 server certificate does NOT include an ID which matches the server name
[Sat Oct 25 10:51:59.887798 2025] [mpm_winnt:notice] [pid 15388:tid 228] AH00455: Apache/2.4.58 (Win64) OpenSSL/3.1.3 PHP/8.2.12 configured -- resuming normal operations
[Sat Oct 25 10:51:59.887798 2025] [mpm_winnt:notice] [pid 15388:tid 228] AH00456: Apache Lounge VS17 Server built: Oct 18 2023 13:03:18
[Sat Oct 25 10:51:59.887798 2025] [core:notice] [pid 15388:tid 228] AH00094: Command line: 'c:\\xampp\\apache\\bin\\httpd.exe -d C:/xampp/apache'
[Sat Oct 25 10:51:59.900467 2025] [mpm_winnt:notice] [pid 15388:tid 228] AH00418: Parent: Created child process 23284
[Sat Oct 25 10:52:00.551735 2025] [ssl:warn] [pid 23284:tid 444] AH01909: www.example.com:443:0 server certificate does NOT include an ID which matches the server name
[Sat Oct 25 10:52:00.609070 2025] [ssl:warn] [pid 23284:tid 444] AH01909: www.example.com:443:0 server certificate does NOT include an ID which matches the server name
[Sat Oct 25 10:52:00.691302 2025] [mpm_winnt:notice] [pid 23284:tid 444] AH00354: Child: Starting 150 worker threads.
[Fri Oct 31 10:10:58.571835 2025] [ssl:warn] [pid 25116:tid 448] AH01909: www.example.com:443:0 server certificate does NOT include an ID which matches the server name
[Fri Oct 31 10:10:58.615729 2025] [core:warn] [pid 25116:tid 448] AH00098: pid file C:/xampp/apache/logs/httpd.pid overwritten -- Unclean shutdown of previous Apache run?
[Fri Oct 31 10:10:58.630741 2025] [ssl:warn] [pid 25116:tid 448] AH01909: www.example.com:443:0 server certificate does NOT include an ID which matches the server name
[Fri Oct 31 10:10:59.286586 2025] [mpm_winnt:notice] [pid 25116:tid 448] AH00455: Apache/2.4.58 (Win64) OpenSSL/3.1.3 PHP/8.2.12 configured -- resuming normal operations
[Fri Oct 31 10:10:59.286586 2025] [mpm_winnt:notice] [pid 25116:tid 448] AH00456: Apache Lounge VS17 Server built: Oct 18 2023 13:03:18
[Fri Oct 31 10:10:59.286586 2025] [core:notice] [pid 25116:tid 448] AH00094: Command line: 'c:\\xampp\\apache\\bin\\httpd.exe -d C:/xampp/apache'
[Fri Oct 31 10:10:59.291727 2025] [mpm_winnt:notice] [pid 25116:tid 448] AH00418: Parent: Created child process 24840
[Fri Oct 31 10:10:59.882001 2025] [ssl:warn] [pid 24840:tid 448] AH01909: www.example.com:443:0 server certificate does NOT include an ID which matches the server name
[Fri Oct 31 10:10:59.931702 2025] [ssl:warn] [pid 24840:tid 448] AH01909: www.example.com:443:0 server certificate does NOT include an ID which matches the server name
[Fri Oct 31 10:10:59.983644 2025] [mpm_winnt:notice] [pid 24840:tid 448] AH00354: Child: Starting 150 worker threads.
[Fri Oct 31 11:34:45.243362 2025] [ssl:warn] [pid 19344:tid 456] AH01909: www.example.com:443:0 server certificate does NOT include an ID which matches the server name
[Fri Oct 31 11:34:45.292816 2025] [core:warn] [pid 19344:tid 456] AH00098: pid file C:/xampp/apache/logs/httpd.pid overwritten -- Unclean shutdown of previous Apache run?
[Fri Oct 31 11:34:45.292816 2025] [ssl:warn] [pid 19344:tid 456] AH01909: www.example.com:443:0 server certificate does NOT include an ID which matches the server name
[Fri Oct 31 11:34:45.847068 2025] [mpm_winnt:notice] [pid 19344:tid 456] AH00455: Apache/2.4.58 (Win64) OpenSSL/3.1.3 PHP/8.2.12 configured -- resuming normal operations
[Fri Oct 31 11:34:45.847068 2025] [mpm_winnt:notice] [pid 19344:tid 456] AH00456: Apache Lounge VS17 Server built: Oct 18 2023 13:03:18
[Fri Oct 31 11:34:45.847068 2025] [core:notice] [pid 19344:tid 456] AH00094: Command line: 'c:\\xampp\\apache\\bin\\httpd.exe -d C:/xampp/apache'
[Fri Oct 31 11:34:45.847068 2025] [mpm_winnt:notice] [pid 19344:tid 456] AH00418: Parent: Created child process 13616
[Tue Nov 25 14:07:18.660191 2025] [ssl:warn] [pid 9184:tid 480] AH01909: www.example.com:443:0 server certificate does NOT include an ID which matches the server name
[Tue Nov 25 14:07:18.707408 2025] [core:warn] [pid 9184:tid 480] AH00098: pid file C:/xampp/apache/logs/httpd.pid overwritten -- Unclean shutdown of previous Apache run?
[Tue Nov 25 14:07:18.709418 2025] [ssl:warn] [pid 9184:tid 480] AH01909: www.example.com:443:0 server certificate does NOT include an ID which matches the server name
[Tue Nov 25 14:07:19.225784 2025] [mpm_winnt:notice] [pid 9184:tid 480] AH00455: Apache/2.4.58 (Win64) OpenSSL/3.1.3 PHP/8.2.12 configured -- resuming normal operations
[Tue Nov 25 14:07:19.225784 2025] [mpm_winnt:notice] [pid 9184:tid 480] AH00456: Apache Lounge VS17 Server built: Oct 18 2023 13:03:18
[Tue Nov 25 14:07:19.225784 2025] [core:notice] [pid 9184:tid 480] AH00094: Command line: 'c:\\xampp\\apache\\bin\\httpd.exe -d C:/xampp/apache'
[Tue Nov 25 14:07:19.225784 2025] [mpm_winnt:notice] [pid 9184:tid 480] AH00418: Parent: Created child process 15608
[Tue Nov 25 14:07:19.685986 2025] [ssl:warn] [pid 15608:tid 488] AH01909: www.example.com:443:0 server certificate does NOT include an ID which matches the server name
[Tue Nov 25 14:07:19.730716 2025] [ssl:warn] [pid 15608:tid 488] AH01909: www.example.com:443:0 server certificate does NOT include an ID which matches the server name
[Tue Nov 25 14:07:19.786639 2025] [mpm_winnt:notice] [pid 15608:tid 488] AH00354: Child: Starting 150 worker threads.
[Thu Nov 27 08:44:16.485468 2025] [mpm_winnt:crit] [pid 15608:tid 488] AH02538: Child: Parent process exited abruptly. Child process is ending
[Sat Nov 29 08:20:42.033693 2025] [ssl:warn] [pid 20564:tid 472] AH01909: www.example.com:443:0 server certificate does NOT include an ID which matches the server name
[Sat Nov 29 08:20:42.133676 2025] [core:warn] [pid 20564:tid 472] AH00098: pid file C:/xampp/apache/logs/httpd.pid overwritten -- Unclean shutdown of previous Apache run?
[Sat Nov 29 08:20:42.140630 2025] [ssl:warn] [pid 20564:tid 472] AH01909: www.example.com:443:0 server certificate does NOT include an ID which matches the server name
[Sat Nov 29 08:20:43.076610 2025] [mpm_winnt:notice] [pid 20564:tid 472] AH00455: Apache/2.4.58 (Win64) OpenSSL/3.1.3 PHP/8.2.12 configured -- resuming normal operations
[Sat Nov 29 08:20:43.076610 2025] [mpm_winnt:notice] [pid 20564:tid 472] AH00456: Apache Lounge VS17 Server built: Oct 18 2023 13:03:18
[Sat Nov 29 08:20:43.078092 2025] [core:notice] [pid 20564:tid 472] AH00094: Command line: 'c:\\xampp\\apache\\bin\\httpd.exe -d C:/xampp/apache'
[Sat Nov 29 08:20:43.087499 2025] [mpm_winnt:notice] [pid 20564:tid 472] AH00418: Parent: Created child process 26436
[Sat Nov 29 08:20:44.519262 2025] [ssl:warn] [pid 26436:tid 472] AH01909: www.example.com:443:0 server certificate does NOT include an ID which matches the server name
[Sat Nov 29 08:20:44.640541 2025] [ssl:warn] [pid 26436:tid 472] AH01909: www.example.com:443:0 server certificate does NOT include an ID which matches the server name
[Sat Nov 29 08:20:44.801437 2025] [mpm_winnt:notice] [pid 26436:tid 472] AH00354: Child: Starting 150 worker threads.
[Sat Nov 29 08:20:50.481816 2025] [php:warn] [pid 26436:tid 1924] [client ::1:54159] PHP Warning:  include(../layouts/login-layout.php): Failed to open stream: No such file or directory in C:\\xampp\\htdocs\\pos-system\\app\\Views\\pages\\login.php on line 93
[Sat Nov 29 08:20:50.481816 2025] [php:warn] [pid 26436:tid 1924] [client ::1:54159] PHP Warning:  include(): Failed opening '../layouts/login-layout.php' for inclusion (include_path='C:\\xampp\\php\\PEAR') in C:\\xampp\\htdocs\\pos-system\\app\\Views\\pages\\login.php on line 93
[Fri Dec 12 01:52:28.371811 2025] [ssl:warn] [pid 25580:tid 484] AH01909: www.example.com:443:0 server certificate does NOT include an ID which matches the server name
[Fri Dec 12 01:52:28.418964 2025] [core:warn] [pid 25580:tid 484] AH00098: pid file C:/xampp/apache/logs/httpd.pid overwritten -- Unclean shutdown of previous Apache run?
[Fri Dec 12 01:52:28.418964 2025] [ssl:warn] [pid 25580:tid 484] AH01909: www.example.com:443:0 server certificate does NOT include an ID which matches the server name
[Fri Dec 12 01:52:28.512851 2025] [mpm_winnt:notice] [pid 25580:tid 484] AH00455: Apache/2.4.58 (Win64) OpenSSL/3.1.3 PHP/8.2.12 configured -- resuming normal operations
[Fri Dec 12 01:52:28.512851 2025] [mpm_winnt:notice] [pid 25580:tid 484] AH00456: Apache Lounge VS17 Server built: Oct 18 2023 13:03:18
[Fri Dec 12 01:52:28.512851 2025] [core:notice] [pid 25580:tid 484] AH00094: Command line: 'c:\\xampp\\apache\\bin\\httpd.exe -d C:/xampp/apache'
[Fri Dec 12 01:52:28.512851 2025] [mpm_winnt:notice] [pid 25580:tid 484] AH00418: Parent: Created child process 11868
[Fri Dec 12 01:52:29.002085 2025] [ssl:warn] [pid 11868:tid 456] AH01909: www.example.com:443:0 server certificate does NOT include an ID which matches the server name
[Fri Dec 12 01:52:29.049625 2025] [ssl:warn] [pid 11868:tid 456] AH01909: www.example.com:443:0 server certificate does NOT include an ID which matches the server name
[Fri Dec 12 01:52:29.096487 2025] [mpm_winnt:notice] [pid 11868:tid 456] AH00354: Child: Starting 150 worker threads.
[Thu Feb 05 18:14:07.498127 2026] [ssl:warn] [pid 12532:tid 472] AH01909: www.example.com:443:0 server certificate does NOT include an ID which matches the server name
[Thu Feb 05 18:14:07.570349 2026] [core:warn] [pid 12532:tid 472] AH00098: pid file C:/xampp/apache/logs/httpd.pid overwritten -- Unclean shutdown of previous Apache run?
[Thu Feb 05 18:14:07.574894 2026] [ssl:warn] [pid 12532:tid 472] AH01909: www.example.com:443:0 server certificate does NOT include an ID which matches the server name
[Thu Feb 05 18:14:08.547357 2026] [mpm_winnt:notice] [pid 12532:tid 472] AH00455: Apache/2.4.58 (Win64) OpenSSL/3.1.3 PHP/8.2.12 configured -- resuming normal operations
[Thu Feb 05 18:14:08.547357 2026] [mpm_winnt:notice] [pid 12532:tid 472] AH00456: Apache Lounge VS17 Server built: Oct 18 2023 13:03:18
[Thu Feb 05 18:14:08.547357 2026] [core:notice] [pid 12532:tid 472] AH00094: Command line: 'c:\\xampp\\apache\\bin\\httpd.exe -d C:/xampp/apache'
[Thu Feb 05 18:14:08.559104 2026] [mpm_winnt:notice] [pid 12532:tid 472] AH00418: Parent: Created child process 12108
[Thu Feb 05 18:14:09.153126 2026] [ssl:warn] [pid 12108:tid 180] AH01909: www.example.com:443:0 server certificate does NOT include an ID which matches the server name
[Thu Feb 05 18:14:09.223955 2026] [ssl:warn] [pid 12108:tid 180] AH01909: www.example.com:443:0 server certificate does NOT include an ID which matches the server name
[Thu Feb 05 18:14:09.271841 2026] [mpm_winnt:notice] [pid 12108:tid 180] AH00354: Child: Starting 150 worker threads.
[Tue Feb 10 03:43:11.933921 2026] [mpm_winnt:crit] [pid 12108:tid 180] AH02538: Child: Parent process exited abruptly. Child process is ending
[Tue Feb 10 09:15:05.819355 2026] [ssl:warn] [pid 33696:tid 448] AH01909: www.example.com:443:0 server certificate does NOT include an ID which matches the server name
[Tue Feb 10 09:15:05.909483 2026] [core:warn] [pid 33696:tid 448] AH00098: pid file C:/xampp/apache/logs/httpd.pid overwritten -- Unclean shutdown of previous Apache run?
[Tue Feb 10 09:15:05.913690 2026] [ssl:warn] [pid 33696:tid 448] AH01909: www.example.com:443:0 server certificate does NOT include an ID which matches the server name
[Tue Feb 10 09:15:07.139559 2026] [mpm_winnt:notice] [pid 33696:tid 448] AH00455: Apache/2.4.58 (Win64) OpenSSL/3.1.3 PHP/8.2.12 configured -- resuming normal operations
[Tue Feb 10 09:15:07.139559 2026] [mpm_winnt:notice] [pid 33696:tid 448] AH00456: Apache Lounge VS17 Server built: Oct 18 2023 13:03:18
[Tue Feb 10 09:15:07.139559 2026] [core:notice] [pid 33696:tid 448] AH00094: Command line: 'c:\\xampp\\apache\\bin\\httpd.exe -d C:/xampp/apache'
[Tue Feb 10 09:15:07.147634 2026] [mpm_winnt:notice] [pid 33696:tid 448] AH00418: Parent: Created child process 17228
[Tue Feb 10 09:15:07.691329 2026] [ssl:warn] [pid 17228:tid 472] AH01909: www.example.com:443:0 server certificate does NOT include an ID which matches the server name
[Tue Feb 10 09:15:07.772314 2026] [ssl:warn] [pid 17228:tid 472] AH01909: www.example.com:443:0 server certificate does NOT include an ID which matches the server name
[Tue Feb 10 09:15:07.864141 2026] [mpm_winnt:notice] [pid 17228:tid 472] AH00354: Child: Starting 150 worker threads.
[Fri Feb 13 10:12:47.742415 2026] [php:error] [pid 17228:tid 1956] [client ::1:14450] PHP Parse error:  syntax error, unexpected token "<<", expecting end of file in C:\\xampp\\htdocs\\pos-system\\app\\Views\\pages\\dashboard.php on line 10, referer: http://localhost/pos-system/app/Views/pages/settings.php
[Fri Feb 13 10:12:49.655811 2026] [php:error] [pid 17228:tid 1956] [client ::1:14450] PHP Parse error:  syntax error, unexpected token "<<", expecting end of file in C:\\xampp\\htdocs\\pos-system\\app\\Views\\pages\\dashboard.php on line 10, referer: http://localhost/pos-system/app/Views/pages/settings.php
[Fri Feb 13 10:12:50.395519 2026] [php:error] [pid 17228:tid 1956] [client ::1:14450] PHP Parse error:  syntax error, unexpected token "<<", expecting end of file in C:\\xampp\\htdocs\\pos-system\\app\\Views\\pages\\dashboard.php on line 10, referer: http://localhost/pos-system/app/Views/pages/settings.php
[Fri Feb 13 10:13:05.211607 2026] [php:error] [pid 17228:tid 1968] [client ::1:39210] PHP Parse error:  syntax error, unexpected token "<<", expecting end of file in C:\\xampp\\htdocs\\pos-system\\app\\Views\\pages\\dashboard.php on line 10, referer: http://localhost/pos-system/app/Views/pages/login.php?logout=success
[Wed Feb 25 15:48:51.336924 2026] [ssl:warn] [pid 16440:tid 496] AH01909: www.example.com:443:0 server certificate does NOT include an ID which matches the server name
[Wed Feb 25 15:48:51.384984 2026] [core:warn] [pid 16440:tid 496] AH00098: pid file C:/xampp/apache/logs/httpd.pid overwritten -- Unclean shutdown of previous Apache run?
[Wed Feb 25 15:48:51.384984 2026] [ssl:warn] [pid 16440:tid 496] AH01909: www.example.com:443:0 server certificate does NOT include an ID which matches the server name
[Wed Feb 25 15:48:52.089242 2026] [mpm_winnt:notice] [pid 16440:tid 496] AH00455: Apache/2.4.58 (Win64) OpenSSL/3.1.3 PHP/8.2.12 configured -- resuming normal operations
[Wed Feb 25 15:48:52.089242 2026] [mpm_winnt:notice] [pid 16440:tid 496] AH00456: Apache Lounge VS17 Server built: Oct 18 2023 13:03:18
[Wed Feb 25 15:48:52.089242 2026] [core:notice] [pid 16440:tid 496] AH00094: Command line: 'c:\\xampp\\apache\\bin\\httpd.exe -d C:/xampp/apache'
[Wed Feb 25 15:48:52.104652 2026] [mpm_winnt:notice] [pid 16440:tid 496] AH00418: Parent: Created child process 15380
[Wed Feb 25 15:48:52.643716 2026] [ssl:warn] [pid 15380:tid 492] AH01909: www.example.com:443:0 server certificate does NOT include an ID which matches the server name
[Wed Feb 25 15:48:52.699099 2026] [ssl:warn] [pid 15380:tid 492] AH01909: www.example.com:443:0 server certificate does NOT include an ID which matches the server name
[Wed Feb 25 15:48:52.755951 2026] [mpm_winnt:notice] [pid 15380:tid 492] AH00354: Child: Starting 150 worker threads.
[Wed Feb 25 16:43:06.739082 2026] [mpm_winnt:notice] [pid 16440:tid 496] AH00428: Parent: child process 15380 exited with status 1073807364 -- Restarting.
[Tue Mar 03 09:08:58.209227 2026] [ssl:warn] [pid 25596:tid 448] AH01909: www.example.com:443:0 server certificate does NOT include an ID which matches the server name
[Tue Mar 03 09:08:58.256212 2026] [core:warn] [pid 25596:tid 448] AH00098: pid file C:/xampp/apache/logs/httpd.pid overwritten -- Unclean shutdown of previous Apache run?
[Tue Mar 03 09:08:58.259211 2026] [ssl:warn] [pid 25596:tid 448] AH01909: www.example.com:443:0 server certificate does NOT include an ID which matches the server name
[Tue Mar 03 09:08:58.767791 2026] [mpm_winnt:notice] [pid 25596:tid 448] AH00455: Apache/2.4.58 (Win64) OpenSSL/3.1.3 PHP/8.2.12 configured -- resuming normal operations
[Tue Mar 03 09:08:58.767791 2026] [mpm_winnt:notice] [pid 25596:tid 448] AH00456: Apache Lounge VS17 Server built: Oct 18 2023 13:03:18
[Tue Mar 03 09:08:58.767791 2026] [core:notice] [pid 25596:tid 448] AH00094: Command line: 'c:\\xampp\\apache\\bin\\httpd.exe -d C:/xampp/apache'
[Tue Mar 03 09:08:58.772960 2026] [mpm_winnt:notice] [pid 25596:tid 448] AH00418: Parent: Created child process 9800
[Tue Mar 03 09:08:59.182068 2026] [ssl:warn] [pid 9800:tid 460] AH01909: www.example.com:443:0 server certificate does NOT include an ID which matches the server name
[Tue Mar 03 09:08:59.228061 2026] [ssl:warn] [pid 9800:tid 460] AH01909: www.example.com:443:0 server certificate does NOT include an ID which matches the server name
[Tue Mar 03 09:08:59.274249 2026] [mpm_winnt:notice] [pid 9800:tid 460] AH00354: Child: Starting 150 worker threads.
[Tue Mar 03 10:41:36.727720 2026] [ssl:warn] [pid 10360:tid 448] AH01909: www.example.com:443:0 server certificate does NOT include an ID which matches the server name
[Tue Mar 03 10:41:36.773064 2026] [core:warn] [pid 10360:tid 448] AH00098: pid file C:/xampp/apache/logs/httpd.pid overwritten -- Unclean shutdown of previous Apache run?
[Tue Mar 03 10:41:36.776114 2026] [ssl:warn] [pid 10360:tid 448] AH01909: www.example.com:443:0 server certificate does NOT include an ID which matches the server name
[Tue Mar 03 10:41:36.859395 2026] [mpm_winnt:notice] [pid 10360:tid 448] AH00455: Apache/2.4.58 (Win64) OpenSSL/3.1.3 PHP/8.2.12 configured -- resuming normal operations
[Tue Mar 03 10:41:36.859395 2026] [mpm_winnt:notice] [pid 10360:tid 448] AH00456: Apache Lounge VS17 Server built: Oct 18 2023 13:03:18
[Tue Mar 03 10:41:36.859395 2026] [core:notice] [pid 10360:tid 448] AH00094: Command line: 'c:\\xampp\\apache\\bin\\httpd.exe -d C:/xampp/apache'
[Tue Mar 03 10:41:36.864498 2026] [mpm_winnt:notice] [pid 10360:tid 448] AH00418: Parent: Created child process 24600
[Tue Mar 03 10:41:37.303451 2026] [ssl:warn] [pid 24600:tid 444] AH01909: www.example.com:443:0 server certificate does NOT include an ID which matches the server name
[Tue Mar 03 10:41:37.349145 2026] [ssl:warn] [pid 24600:tid 444] AH01909: www.example.com:443:0 server certificate does NOT include an ID which matches the server name
[Tue Mar 03 10:41:37.394295 2026] [mpm_winnt:notice] [pid 24600:tid 444] AH00354: Child: Starting 150 worker threads.
[Tue Mar 03 14:11:44.840530 2026] [ssl:warn] [pid 7084:tid 200] AH01909: www.example.com:443:0 server certificate does NOT include an ID which matches the server name
[Tue Mar 03 14:11:44.904064 2026] [core:warn] [pid 7084:tid 200] AH00098: pid file C:/xampp/apache/logs/httpd.pid overwritten -- Unclean shutdown of previous Apache run?
[Tue Mar 03 14:11:44.917572 2026] [ssl:warn] [pid 7084:tid 200] AH01909: www.example.com:443:0 server certificate does NOT include an ID which matches the server name
[Tue Mar 03 14:11:44.951410 2026] [mpm_winnt:notice] [pid 7084:tid 200] AH00455: Apache/2.4.58 (Win64) OpenSSL/3.1.3 PHP/8.2.12 configured -- resuming normal operations
[Tue Mar 03 14:11:44.951410 2026] [mpm_winnt:notice] [pid 7084:tid 200] AH00456: Apache Lounge VS17 Server built: Oct 18 2023 13:03:18
[Tue Mar 03 14:11:44.951410 2026] [core:notice] [pid 7084:tid 200] AH00094: Command line: 'c:\\xampp\\apache\\bin\\httpd.exe -d C:/xampp/apache'
[Tue Mar 03 14:11:44.969573 2026] [mpm_winnt:notice] [pid 7084:tid 200] AH00418: Parent: Created child process 2636
[Tue Mar 03 14:11:45.443065 2026] [ssl:warn] [pid 2636:tid 448] AH01909: www.example.com:443:0 server certificate does NOT include an ID which matches the server name
[Tue Mar 03 14:11:45.491838 2026] [ssl:warn] [pid 2636:tid 448] AH01909: www.example.com:443:0 server certificate does NOT include an ID which matches the server name
[Tue Mar 03 14:11:45.547408 2026] [mpm_winnt:notice] [pid 2636:tid 448] AH00354: Child: Starting 150 worker threads.
[Tue Mar 03 17:57:17.449241 2026] [ssl:warn] [pid 30096:tid 472] AH01909: www.example.com:443:0 server certificate does NOT include an ID which matches the server name
[Tue Mar 03 17:57:17.510496 2026] [core:warn] [pid 30096:tid 472] AH00098: pid file C:/xampp/apache/logs/httpd.pid overwritten -- Unclean shutdown of previous Apache run?
[Tue Mar 03 17:57:17.513755 2026] [ssl:warn] [pid 30096:tid 472] AH01909: www.example.com:443:0 server certificate does NOT include an ID which matches the server name
[Tue Mar 03 17:57:17.553430 2026] [mpm_winnt:notice] [pid 30096:tid 472] AH00455: Apache/2.4.58 (Win64) OpenSSL/3.1.3 PHP/8.2.12 configured -- resuming normal operations
[Tue Mar 03 17:57:17.553430 2026] [mpm_winnt:notice] [pid 30096:tid 472] AH00456: Apache Lounge VS17 Server built: Oct 18 2023 13:03:18
[Tue Mar 03 17:57:17.553430 2026] [core:notice] [pid 30096:tid 472] AH00094: Command line: 'c:\\xampp\\apache\\bin\\httpd.exe -d C:/xampp/apache'
[Tue Mar 03 17:57:17.570111 2026] [mpm_winnt:notice] [pid 30096:tid 472] AH00418: Parent: Created child process 19596
[Tue Mar 03 17:57:17.998838 2026] [ssl:warn] [pid 19596:tid 452] AH01909: www.example.com:443:0 server certificate does NOT include an ID which matches the server name
[Tue Mar 03 17:57:18.039427 2026] [ssl:warn] [pid 19596:tid 452] AH01909: www.example.com:443:0 server certificate does NOT include an ID which matches the server name
[Tue Mar 03 17:57:18.074228 2026] [mpm_winnt:notice] [pid 19596:tid 452] AH00354: Child: Starting 150 worker threads.
[Tue Mar 03 19:12:26.076806 2026] [php:error] [pid 19596:tid 1936] [client ::1:31029] PHP Fatal error:  Uncaught mysqli_sql_exception: Unknown column 'otp' in 'field list' in C:\\xampp\\htdocs\\Pinoy-flaskSHOP\\register.php:57\nStack trace:\n#0 C:\\xampp\\htdocs\\Pinoy-flaskSHOP\\register.php(57): mysqli_prepare(Object(mysqli), 'UPDATE users SE...')\n#1 {main}\n  thrown in C:\\xampp\\htdocs\\Pinoy-flaskSHOP\\register.php on line 57, referer: http://localhost/Pinoy-flaskSHOP/register.php
[Tue Mar 03 19:13:20.993134 2026] [php:warn] [pid 19596:tid 1984] [client ::1:9261] PHP Warning:  Undefined array key "email_verified" in C:\\xampp\\htdocs\\Pinoy-flaskSHOP\\admin\\users.php on line 503, referer: http://localhost/Pinoy-flaskSHOP/admin/products.php
[Tue Mar 03 19:13:20.993134 2026] [php:warn] [pid 19596:tid 1984] [client ::1:9261] PHP Warning:  Undefined array key "email_verified" in C:\\xampp\\htdocs\\Pinoy-flaskSHOP\\admin\\users.php on line 504, referer: http://localhost/Pinoy-flaskSHOP/admin/products.php
[Tue Mar 03 19:13:20.993134 2026] [php:warn] [pid 19596:tid 1984] [client ::1:9261] PHP Warning:  Undefined array key "email_verified" in C:\\xampp\\htdocs\\Pinoy-flaskSHOP\\admin\\users.php on line 518, referer: http://localhost/Pinoy-flaskSHOP/admin/products.php
[Tue Mar 03 19:13:20.999233 2026] [php:warn] [pid 19596:tid 1984] [client ::1:9261] PHP Warning:  Undefined array key "email_verified" in C:\\xampp\\htdocs\\Pinoy-flaskSHOP\\admin\\users.php on line 520, referer: http://localhost/Pinoy-flaskSHOP/admin/products.php
[Tue Mar 03 19:13:20.999233 2026] [php:warn] [pid 19596:tid 1984] [client ::1:9261] PHP Warning:  Undefined array key "email_verified" in C:\\xampp\\htdocs\\Pinoy-flaskSHOP\\admin\\users.php on line 521, referer: http://localhost/Pinoy-flaskSHOP/admin/products.php
[Tue Mar 03 19:13:20.999233 2026] [php:warn] [pid 19596:tid 1984] [client ::1:9261] PHP Warning:  Undefined array key "email_verified" in C:\\xampp\\htdocs\\Pinoy-flaskSHOP\\admin\\users.php on line 529, referer: http://localhost/Pinoy-flaskSHOP/admin/products.php
[Tue Mar 03 19:13:26.471364 2026] [php:error] [pid 19596:tid 1940] [client ::1:14981] PHP Fatal error:  Uncaught mysqli_sql_exception: Table 'waterbottle_shop.contact_messages' doesn't exist in C:\\xampp\\htdocs\\Pinoy-flaskSHOP\\admin\\inquiries.php:66\nStack trace:\n#0 C:\\xampp\\htdocs\\Pinoy-flaskSHOP\\admin\\inquiries.php(66): mysqli_query(Object(mysqli), 'SELECT \\r\\n    CO...')\n#1 {main}\n  thrown in C:\\xampp\\htdocs\\Pinoy-flaskSHOP\\admin\\inquiries.php on line 66, referer: http://localhost/Pinoy-flaskSHOP/admin/users.php
[Tue Mar 03 19:13:29.416573 2026] [php:error] [pid 19596:tid 1940] [client ::1:14981] PHP Fatal error:  Uncaught mysqli_sql_exception: Table 'waterbottle_shop.contact_messages' doesn't exist in C:\\xampp\\htdocs\\Pinoy-flaskSHOP\\admin\\inquiries.php:66\nStack trace:\n#0 C:\\xampp\\htdocs\\Pinoy-flaskSHOP\\admin\\inquiries.php(66): mysqli_query(Object(mysqli), 'SELECT \\r\\n    CO...')\n#1 {main}\n  thrown in C:\\xampp\\htdocs\\Pinoy-flaskSHOP\\admin\\inquiries.php on line 66, referer: http://localhost/Pinoy-flaskSHOP/admin/users.php
[Tue Mar 03 19:16:50.551526 2026] [mpm_winnt:crit] [pid 19596:tid 452] AH02538: Child: Parent process exited abruptly. Child process is ending
[Fri Mar 06 19:34:36.571311 2026] [ssl:warn] [pid 20612:tid 204] AH01909: www.example.com:443:0 server certificate does NOT include an ID which matches the server name
[Fri Mar 06 19:34:36.616678 2026] [core:warn] [pid 20612:tid 204] AH00098: pid file C:/xampp/apache/logs/httpd.pid overwritten -- Unclean shutdown of previous Apache run?
[Fri Mar 06 19:34:36.618685 2026] [ssl:warn] [pid 20612:tid 204] AH01909: www.example.com:443:0 server certificate does NOT include an ID which matches the server name
[Fri Mar 06 19:34:37.128689 2026] [mpm_winnt:notice] [pid 20612:tid 204] AH00455: Apache/2.4.58 (Win64) OpenSSL/3.1.3 PHP/8.2.12 configured -- resuming normal operations
[Fri Mar 06 19:34:37.128689 2026] [mpm_winnt:notice] [pid 20612:tid 204] AH00456: Apache Lounge VS17 Server built: Oct 18 2023 13:03:18
[Fri Mar 06 19:34:37.128689 2026] [core:notice] [pid 20612:tid 204] AH00094: Command line: 'c:\\xampp\\apache\\bin\\httpd.exe -d C:/xampp/apache'
[Fri Mar 06 19:34:37.138510 2026] [mpm_winnt:notice] [pid 20612:tid 204] AH00418: Parent: Created child process 28656
[Fri Mar 06 19:34:37.532336 2026] [ssl:warn] [pid 28656:tid 472] AH01909: www.example.com:443:0 server certificate does NOT include an ID which matches the server name
[Fri Mar 06 19:34:37.575974 2026] [ssl:warn] [pid 28656:tid 472] AH01909: www.example.com:443:0 server certificate does NOT include an ID which matches the server name
[Fri Mar 06 19:34:37.620679 2026] [mpm_winnt:notice] [pid 28656:tid 472] AH00354: Child: Starting 150 worker threads.
[Fri Mar 06 19:37:35.794069 2026] [php:error] [pid 28656:tid 1932] [client ::1:43148] PHP Fatal error:  Uncaught PDOException: SQLSTATE[42S22]: Column not found: 1054 Unknown column 'photo' in 'field list' in C:\\xampp\\htdocs\\pos-system\\app\\Repositories\\WorkersRepository.php:25\nStack trace:\n#0 C:\\xampp\\htdocs\\pos-system\\app\\Repositories\\WorkersRepository.php(25): PDO->prepare('INSERT INTO wor...')\n#1 C:\\xampp\\htdocs\\pos-system\\api\\workers.php(67): WorkersRepository->createWorker(Array)\n#2 {main}\n  thrown in C:\\xampp\\htdocs\\pos-system\\app\\Repositories\\WorkersRepository.php on line 25, referer: http://localhost/pos-system/app/Views/pages/workers.php
[Fri Mar 06 19:37:37.386049 2026] [php:error] [pid 28656:tid 1932] [client ::1:43148] PHP Fatal error:  Uncaught PDOException: SQLSTATE[42S22]: Column not found: 1054 Unknown column 'photo' in 'field list' in C:\\xampp\\htdocs\\pos-system\\app\\Repositories\\WorkersRepository.php:25\nStack trace:\n#0 C:\\xampp\\htdocs\\pos-system\\app\\Repositories\\WorkersRepository.php(25): PDO->prepare('INSERT INTO wor...')\n#1 C:\\xampp\\htdocs\\pos-system\\api\\workers.php(67): WorkersRepository->createWorker(Array)\n#2 {main}\n  thrown in C:\\xampp\\htdocs\\pos-system\\app\\Repositories\\WorkersRepository.php on line 25, referer: http://localhost/pos-system/app/Views/pages/workers.php
[Fri Mar 06 19:37:41.216339 2026] [php:error] [pid 28656:tid 1932] [client ::1:43148] PHP Fatal error:  Uncaught PDOException: SQLSTATE[42S22]: Column not found: 1054 Unknown column 'photo' in 'field list' in C:\\xampp\\htdocs\\pos-system\\app\\Repositories\\WorkersRepository.php:25\nStack trace:\n#0 C:\\xampp\\htdocs\\pos-system\\app\\Repositories\\WorkersRepository.php(25): PDO->prepare('INSERT INTO wor...')\n#1 C:\\xampp\\htdocs\\pos-system\\api\\workers.php(67): WorkersRepository->createWorker(Array)\n#2 {main}\n  thrown in C:\\xampp\\htdocs\\pos-system\\app\\Repositories\\WorkersRepository.php on line 25, referer: http://localhost/pos-system/app/Views/pages/workers.php
[Mon Mar 09 19:49:57.864383 2026] [ssl:warn] [pid 19372:tid 492] AH01909: www.example.com:443:0 server certificate does NOT include an ID which matches the server name
[Mon Mar 09 19:49:57.930874 2026] [core:warn] [pid 19372:tid 492] AH00098: pid file C:/xampp/apache/logs/httpd.pid overwritten -- Unclean shutdown of previous Apache run?
[Mon Mar 09 19:49:57.939096 2026] [ssl:warn] [pid 19372:tid 492] AH01909: www.example.com:443:0 server certificate does NOT include an ID which matches the server name
[Mon Mar 09 19:49:58.088186 2026] [mpm_winnt:notice] [pid 19372:tid 492] AH00455: Apache/2.4.58 (Win64) OpenSSL/3.1.3 PHP/8.2.12 configured -- resuming normal operations
[Mon Mar 09 19:49:58.088186 2026] [mpm_winnt:notice] [pid 19372:tid 492] AH00456: Apache Lounge VS17 Server built: Oct 18 2023 13:03:18
[Mon Mar 09 19:49:58.088186 2026] [core:notice] [pid 19372:tid 492] AH00094: Command line: 'c:\\xampp\\apache\\bin\\httpd.exe -d C:/xampp/apache'
[Mon Mar 09 19:49:58.095248 2026] [mpm_winnt:notice] [pid 19372:tid 492] AH00418: Parent: Created child process 11244
[Mon Mar 09 19:49:58.687588 2026] [ssl:warn] [pid 11244:tid 448] AH01909: www.example.com:443:0 server certificate does NOT include an ID which matches the server name
[Mon Mar 09 19:49:58.740389 2026] [ssl:warn] [pid 11244:tid 448] AH01909: www.example.com:443:0 server certificate does NOT include an ID which matches the server name
[Mon Mar 09 19:49:58.787456 2026] [mpm_winnt:notice] [pid 11244:tid 448] AH00354: Child: Starting 150 worker threads.
[Mon Mar 09 20:25:20.371838 2026] [ssl:warn] [pid 13880:tid 468] AH01909: www.example.com:443:0 server certificate does NOT include an ID which matches the server name
[Mon Mar 09 20:25:20.425233 2026] [core:warn] [pid 13880:tid 468] AH00098: pid file C:/xampp/apache/logs/httpd.pid overwritten -- Unclean shutdown of previous Apache run?
[Mon Mar 09 20:25:20.425233 2026] [ssl:warn] [pid 13880:tid 468] AH01909: www.example.com:443:0 server certificate does NOT include an ID which matches the server name
[Mon Mar 09 20:25:20.486543 2026] [mpm_winnt:notice] [pid 13880:tid 468] AH00455: Apache/2.4.58 (Win64) OpenSSL/3.1.3 PHP/8.2.12 configured -- resuming normal operations
[Mon Mar 09 20:25:20.486543 2026] [mpm_winnt:notice] [pid 13880:tid 468] AH00456: Apache Lounge VS17 Server built: Oct 18 2023 13:03:18
[Mon Mar 09 20:25:20.486543 2026] [core:notice] [pid 13880:tid 468] AH00094: Command line: 'c:\\xampp\\apache\\bin\\httpd.exe -d C:/xampp/apache'
[Mon Mar 09 20:25:20.490866 2026] [mpm_winnt:notice] [pid 13880:tid 468] AH00418: Parent: Created child process 6576
[Mon Mar 09 20:25:21.094118 2026] [ssl:warn] [pid 6576:tid 444] AH01909: www.example.com:443:0 server certificate does NOT include an ID which matches the server name
[Mon Mar 09 20:25:21.155943 2026] [ssl:warn] [pid 6576:tid 444] AH01909: www.example.com:443:0 server certificate does NOT include an ID which matches the server name
[Mon Mar 09 20:25:21.207813 2026] [mpm_winnt:notice] [pid 6576:tid 444] AH00354: Child: Starting 150 worker threads.
[Tue Mar 10 09:41:00.571583 2026] [php:notice] [pid 6576:tid 1916] [client ::1:55483] Database connection error: SQLSTATE[HY000] [2002] php_network_getaddresses: getaddrinfo for sql302.infinityfree.com failed: No such host is known. 
[Tue Mar 10 09:41:00.571583 2026] [php:error] [pid 6576:tid 1916] [client ::1:55483] PHP Fatal error:  Uncaught RuntimeException: Database connection failed. Check server logs. in C:\\xampp\\htdocs\\pos-system\\app\\Core\\Database.php:29\nStack trace:\n#0 C:\\xampp\\htdocs\\pos-system\\app\\Core\\Database.php(39): Database->__construct()\n#1 C:\\xampp\\htdocs\\pos-system\\app\\Repositories\\BaseRepository.php(12): Database::getInstance()\n#2 C:\\xampp\\htdocs\\pos-system\\app\\Repositories\\ProductsRepository.php(10): BaseRepository->__construct('products')\n#3 C:\\xampp\\htdocs\\pos-system\\app\\bootstrap.php(19): ProductsRepository->__construct()\n#4 C:\\xampp\\htdocs\\pos-system\\app\\Views\\pages\\dashboard.php(12): require_once('C:\\\\xampp\\\\htdocs...')\n#5 {main}\n  thrown in C:\\xampp\\htdocs\\pos-system\\app\\Core\\Database.php on line 29
[Tue Mar 10 09:41:14.286190 2026] [php:notice] [pid 6576:tid 1916] [client ::1:48623] Database connection error: SQLSTATE[HY000] [2002] php_network_getaddresses: getaddrinfo for sql302.infinityfree.com failed: No such host is known. 
[Tue Mar 10 09:41:14.289166 2026] [php:error] [pid 6576:tid 1916] [client ::1:48623] PHP Fatal error:  Uncaught RuntimeException: Database connection failed. Check server logs. in C:\\xampp\\htdocs\\pos-system\\app\\Core\\Database.php:29\nStack trace:\n#0 C:\\xampp\\htdocs\\pos-system\\app\\Core\\Database.php(39): Database->__construct()\n#1 C:\\xampp\\htdocs\\pos-system\\app\\Repositories\\BaseRepository.php(12): Database::getInstance()\n#2 C:\\xampp\\htdocs\\pos-system\\app\\Repositories\\ProductsRepository.php(10): BaseRepository->__construct('products')\n#3 C:\\xampp\\htdocs\\pos-system\\app\\bootstrap.php(19): ProductsRepository->__construct()\n#4 C:\\xampp\\htdocs\\pos-system\\app\\Views\\pages\\dashboard.php(12): require_once('C:\\\\xampp\\\\htdocs...')\n#5 {main}\n  thrown in C:\\xampp\\htdocs\\pos-system\\app\\Core\\Database.php on line 29
[Tue Mar 10 09:42:55.359215 2026] [php:notice] [pid 6576:tid 1924] [client ::1:34497] Database connection error: SQLSTATE[HY000] [2002] php_network_getaddresses: getaddrinfo for sql302.infinityfree.com failed: No such host is known. , referer: http://localhost/pos-system/app/Views/pages/settings.php
[Tue Mar 10 09:42:55.359215 2026] [php:error] [pid 6576:tid 1924] [client ::1:34497] PHP Fatal error:  Uncaught RuntimeException: Database connection failed. Check server logs. in C:\\xampp\\htdocs\\pos-system\\app\\Core\\Database.php:29\nStack trace:\n#0 C:\\xampp\\htdocs\\pos-system\\app\\Core\\Database.php(39): Database->__construct()\n#1 C:\\xampp\\htdocs\\pos-system\\app\\Repositories\\BaseRepository.php(12): Database::getInstance()\n#2 C:\\xampp\\htdocs\\pos-system\\app\\Repositories\\ProductsRepository.php(10): BaseRepository->__construct('products')\n#3 C:\\xampp\\htdocs\\pos-system\\app\\bootstrap.php(19): ProductsRepository->__construct()\n#4 C:\\xampp\\htdocs\\pos-system\\api\\_helpers.php(6): require_once('C:\\\\xampp\\\\htdocs...')\n#5 C:\\xampp\\htdocs\\pos-system\\api\\settings.php(5): require_once('C:\\\\xampp\\\\htdocs...')\n#6 {main}\n  thrown in C:\\xampp\\htdocs\\pos-system\\app\\Core\\Database.php on line 29, referer: http://localhost/pos-system/app/Views/pages/settings.php
[Tue Mar 10 09:42:55.387987 2026] [php:notice] [pid 6576:tid 1912] [client ::1:43782] Database connection error: SQLSTATE[HY000] [2002] php_network_getaddresses: getaddrinfo for sql302.infinityfree.com failed: No such host is known. , referer: http://localhost/pos-system/app/Views/pages/settings.php
[Tue Mar 10 09:42:55.387987 2026] [php:error] [pid 6576:tid 1912] [client ::1:43782] PHP Fatal error:  Uncaught RuntimeException: Database connection failed. Check server logs. in C:\\xampp\\htdocs\\pos-system\\app\\Core\\Database.php:29\nStack trace:\n#0 C:\\xampp\\htdocs\\pos-system\\app\\Core\\Database.php(39): Database->__construct()\n#1 C:\\xampp\\htdocs\\pos-system\\app\\Repositories\\BaseRepository.php(12): Database::getInstance()\n#2 C:\\xampp\\htdocs\\pos-system\\app\\Repositories\\ProductsRepository.php(10): BaseRepository->__construct('products')\n#3 C:\\xampp\\htdocs\\pos-system\\app\\bootstrap.php(19): ProductsRepository->__construct()\n#4 C:\\xampp\\htdocs\\pos-system\\api\\_helpers.php(6): require_once('C:\\\\xampp\\\\htdocs...')\n#5 C:\\xampp\\htdocs\\pos-system\\api\\settings.php(5): require_once('C:\\\\xampp\\\\htdocs...')\n#6 {main}\n  thrown in C:\\xampp\\htdocs\\pos-system\\app\\Core\\Database.php on line 29, referer: http://localhost/pos-system/app/Views/pages/settings.php
[Tue Mar 10 09:42:55.408740 2026] [php:notice] [pid 6576:tid 1916] [client ::1:4992] Database connection error: SQLSTATE[HY000] [2002] php_network_getaddresses: getaddrinfo for sql302.infinityfree.com failed: No such host is known. , referer: http://localhost/pos-system/app/Views/pages/settings.php
[Tue Mar 10 09:42:55.408740 2026] [php:error] [pid 6576:tid 1916] [client ::1:4992] PHP Fatal error:  Uncaught RuntimeException: Database connection failed. Check server logs. in C:\\xampp\\htdocs\\pos-system\\app\\Core\\Database.php:29\nStack trace:\n#0 C:\\xampp\\htdocs\\pos-system\\app\\Core\\Database.php(39): Database->__construct()\n#1 C:\\xampp\\htdocs\\pos-system\\app\\Repositories\\BaseRepository.php(12): Database::getInstance()\n#2 C:\\xampp\\htdocs\\pos-system\\app\\Repositories\\ProductsRepository.php(10): BaseRepository->__construct('products')\n#3 C:\\xampp\\htdocs\\pos-system\\app\\bootstrap.php(19): ProductsRepository->__construct()\n#4 C:\\xampp\\htdocs\\pos-system\\api\\_helpers.php(6): require_once('C:\\\\xampp\\\\htdocs...')\n#5 C:\\xampp\\htdocs\\pos-system\\api\\settings.php(5): require_once('C:\\\\xampp\\\\htdocs...')\n#6 {main}\n  thrown in C:\\xampp\\htdocs\\pos-system\\app\\Core\\Database.php on line 29, referer: http://localhost/pos-system/app/Views/pages/settings.php
[Tue Mar 10 09:42:58.846449 2026] [php:notice] [pid 6576:tid 1904] [client ::1:24518] Database connection error: SQLSTATE[HY000] [2002] php_network_getaddresses: getaddrinfo for sql302.infinityfree.com failed: No such host is known. , referer: http://localhost/pos-system/app/Views/pages/settings.php
[Tue Mar 10 09:42:58.852850 2026] [php:error] [pid 6576:tid 1904] [client ::1:24518] PHP Fatal error:  Uncaught RuntimeException: Database connection failed. Check server logs. in C:\\xampp\\htdocs\\pos-system\\app\\Core\\Database.php:29\nStack trace:\n#0 C:\\xampp\\htdocs\\pos-system\\app\\Core\\Database.php(39): Database->__construct()\n#1 C:\\xampp\\htdocs\\pos-system\\app\\Repositories\\BaseRepository.php(12): Database::getInstance()\n#2 C:\\xampp\\htdocs\\pos-system\\app\\Repositories\\ProductsRepository.php(10): BaseRepository->__construct('products')\n#3 C:\\xampp\\htdocs\\pos-system\\app\\bootstrap.php(19): ProductsRepository->__construct()\n#4 C:\\xampp\\htdocs\\pos-system\\api\\_helpers.php(6): require_once('C:\\\\xampp\\\\htdocs...')\n#5 C:\\xampp\\htdocs\\pos-system\\api\\settings.php(5): require_once('C:\\\\xampp\\\\htdocs...')\n#6 {main}\n  thrown in C:\\xampp\\htdocs\\pos-system\\app\\Core\\Database.php on line 29, referer: http://localhost/pos-system/app/Views/pages/settings.php
[Tue Mar 10 09:42:58.883269 2026] [php:notice] [pid 6576:tid 1928] [client ::1:58619] Database connection error: SQLSTATE[HY000] [2002] php_network_getaddresses: getaddrinfo for sql302.infinityfree.com failed: No such host is known. , referer: http://localhost/pos-system/app/Views/pages/settings.php
[Tue Mar 10 09:42:58.883867 2026] [php:error] [pid 6576:tid 1928] [client ::1:58619] PHP Fatal error:  Uncaught RuntimeException: Database connection failed. Check server logs. in C:\\xampp\\htdocs\\pos-system\\app\\Core\\Database.php:29\nStack trace:\n#0 C:\\xampp\\htdocs\\pos-system\\app\\Core\\Database.php(39): Database->__construct()\n#1 C:\\xampp\\htdocs\\pos-system\\app\\Repositories\\BaseRepository.php(12): Database::getInstance()\n#2 C:\\xampp\\htdocs\\pos-system\\app\\Repositories\\ProductsRepository.php(10): BaseRepository->__construct('products')\n#3 C:\\xampp\\htdocs\\pos-system\\app\\bootstrap.php(19): ProductsRepository->__construct()\n#4 C:\\xampp\\htdocs\\pos-system\\api\\_helpers.php(6): require_once('C:\\\\xampp\\\\htdocs...')\n#5 C:\\xampp\\htdocs\\pos-system\\api\\settings.php(5): require_once('C:\\\\xampp\\\\htdocs...')\n#6 {main}\n  thrown in C:\\xampp\\htdocs\\pos-system\\app\\Core\\Database.php on line 29, referer: http://localhost/pos-system/app/Views/pages/settings.php
[Tue Mar 10 09:42:58.902445 2026] [php:notice] [pid 6576:tid 1936] [client ::1:13411] Database connection error: SQLSTATE[HY000] [2002] php_network_getaddresses: getaddrinfo for sql302.infinityfree.com failed: No such host is known. , referer: http://localhost/pos-system/app/Views/pages/settings.php
[Tue Mar 10 09:42:58.902445 2026] [php:error] [pid 6576:tid 1936] [client ::1:13411] PHP Fatal error:  Uncaught RuntimeException: Database connection failed. Check server logs. in C:\\xampp\\htdocs\\pos-system\\app\\Core\\Database.php:29\nStack trace:\n#0 C:\\xampp\\htdocs\\pos-system\\app\\Core\\Database.php(39): Database->__construct()\n#1 C:\\xampp\\htdocs\\pos-system\\app\\Repositories\\BaseRepository.php(12): Database::getInstance()\n#2 C:\\xampp\\htdocs\\pos-system\\app\\Repositories\\ProductsRepository.php(10): BaseRepository->__construct('products')\n#3 C:\\xampp\\htdocs\\pos-system\\app\\bootstrap.php(19): ProductsRepository->__construct()\n#4 C:\\xampp\\htdocs\\pos-system\\api\\_helpers.php(6): require_once('C:\\\\xampp\\\\htdocs...')\n#5 C:\\xampp\\htdocs\\pos-system\\api\\settings.php(5): require_once('C:\\\\xampp\\\\htdocs...')\n#6 {main}\n  thrown in C:\\xampp\\htdocs\\pos-system\\app\\Core\\Database.php on line 29, referer: http://localhost/pos-system/app/Views/pages/settings.php
[Tue Mar 10 09:42:59.687384 2026] [php:notice] [pid 6576:tid 1936] [client ::1:52409] Database connection error: SQLSTATE[HY000] [2002] php_network_getaddresses: getaddrinfo for sql302.infinityfree.com failed: No such host is known. , referer: http://localhost/pos-system/app/Views/pages/settings.php
[Tue Mar 10 09:42:59.687384 2026] [php:error] [pid 6576:tid 1936] [client ::1:52409] PHP Fatal error:  Uncaught RuntimeException: Database connection failed. Check server logs. in C:\\xampp\\htdocs\\pos-system\\app\\Core\\Database.php:29\nStack trace:\n#0 C:\\xampp\\htdocs\\pos-system\\app\\Core\\Database.php(39): Database->__construct()\n#1 C:\\xampp\\htdocs\\pos-system\\app\\Repositories\\BaseRepository.php(12): Database::getInstance()\n#2 C:\\xampp\\htdocs\\pos-system\\app\\Repositories\\ProductsRepository.php(10): BaseRepository->__construct('products')\n#3 C:\\xampp\\htdocs\\pos-system\\app\\bootstrap.php(19): ProductsRepository->__construct()\n#4 C:\\xampp\\htdocs\\pos-system\\api\\_helpers.php(6): require_once('C:\\\\xampp\\\\htdocs...')\n#5 C:\\xampp\\htdocs\\pos-system\\api\\settings.php(5): require_once('C:\\\\xampp\\\\htdocs...')\n#6 {main}\n  thrown in C:\\xampp\\htdocs\\pos-system\\app\\Core\\Database.php on line 29, referer: http://localhost/pos-system/app/Views/pages/settings.php
[Tue Mar 10 09:42:59.706499 2026] [php:notice] [pid 6576:tid 1936] [client ::1:61141] Database connection error: SQLSTATE[HY000] [2002] php_network_getaddresses: getaddrinfo for sql302.infinityfree.com failed: No such host is known. , referer: http://localhost/pos-system/app/Views/pages/settings.php
[Tue Mar 10 09:42:59.706499 2026] [php:error] [pid 6576:tid 1936] [client ::1:61141] PHP Fatal error:  Uncaught RuntimeException: Database connection failed. Check server logs. in C:\\xampp\\htdocs\\pos-system\\app\\Core\\Database.php:29\nStack trace:\n#0 C:\\xampp\\htdocs\\pos-system\\app\\Core\\Database.php(39): Database->__construct()\n#1 C:\\xampp\\htdocs\\pos-system\\app\\Repositories\\BaseRepository.php(12): Database::getInstance()\n#2 C:\\xampp\\htdocs\\pos-system\\app\\Repositories\\ProductsRepository.php(10): BaseRepository->__construct('products')\n#3 C:\\xampp\\htdocs\\pos-system\\app\\bootstrap.php(19): ProductsRepository->__construct()\n#4 C:\\xampp\\htdocs\\pos-system\\api\\_helpers.php(6): require_once('C:\\\\xampp\\\\htdocs...')\n#5 C:\\xampp\\htdocs\\pos-system\\api\\settings.php(5): require_once('C:\\\\xampp\\\\htdocs...')\n#6 {main}\n  thrown in C:\\xampp\\htdocs\\pos-system\\app\\Core\\Database.php on line 29, referer: http://localhost/pos-system/app/Views/pages/settings.php
[Tue Mar 10 09:42:59.725690 2026] [php:notice] [pid 6576:tid 1936] [client ::1:16440] Database connection error: SQLSTATE[HY000] [2002] php_network_getaddresses: getaddrinfo for sql302.infinityfree.com failed: No such host is known. , referer: http://localhost/pos-system/app/Views/pages/settings.php
[Tue Mar 10 09:42:59.725690 2026] [php:error] [pid 6576:tid 1936] [client ::1:16440] PHP Fatal error:  Uncaught RuntimeException: Database connection failed. Check server logs. in C:\\xampp\\htdocs\\pos-system\\app\\Core\\Database.php:29\nStack trace:\n#0 C:\\xampp\\htdocs\\pos-system\\app\\Core\\Database.php(39): Database->__construct()\n#1 C:\\xampp\\htdocs\\pos-system\\app\\Repositories\\BaseRepository.php(12): Database::getInstance()\n#2 C:\\xampp\\htdocs\\pos-system\\app\\Repositories\\ProductsRepository.php(10): BaseRepository->__construct('products')\n#3 C:\\xampp\\htdocs\\pos-system\\app\\bootstrap.php(19): ProductsRepository->__construct()\n#4 C:\\xampp\\htdocs\\pos-system\\api\\_helpers.php(6): require_once('C:\\\\xampp\\\\htdocs...')\n#5 C:\\xampp\\htdocs\\pos-system\\api\\settings.php(5): require_once('C:\\\\xampp\\\\htdocs...')\n#6 {main}\n  thrown in C:\\xampp\\htdocs\\pos-system\\app\\Core\\Database.php on line 29, referer: http://localhost/pos-system/app/Views/pages/settings.php
[Tue Mar 10 09:43:00.020348 2026] [php:notice] [pid 6576:tid 1936] [client ::1:18519] Database connection error: SQLSTATE[HY000] [2002] php_network_getaddresses: getaddrinfo for sql302.infinityfree.com failed: No such host is known. , referer: http://localhost/pos-system/app/Views/pages/settings.php
[Tue Mar 10 09:43:00.020857 2026] [php:error] [pid 6576:tid 1936] [client ::1:18519] PHP Fatal error:  Uncaught RuntimeException: Database connection failed. Check server logs. in C:\\xampp\\htdocs\\pos-system\\app\\Core\\Database.php:29\nStack trace:\n#0 C:\\xampp\\htdocs\\pos-system\\app\\Core\\Database.php(39): Database->__construct()\n#1 C:\\xampp\\htdocs\\pos-system\\app\\Repositories\\BaseRepository.php(12): Database::getInstance()\n#2 C:\\xampp\\htdocs\\pos-system\\app\\Repositories\\ProductsRepository.php(10): BaseRepository->__construct('products')\n#3 C:\\xampp\\htdocs\\pos-system\\app\\bootstrap.php(19): ProductsRepository->__construct()\n#4 C:\\xampp\\htdocs\\pos-system\\api\\_helpers.php(6): require_once('C:\\\\xampp\\\\htdocs...')\n#5 C:\\xampp\\htdocs\\pos-system\\api\\settings.php(5): require_once('C:\\\\xampp\\\\htdocs...')\n#6 {main}\n  thrown in C:\\xampp\\htdocs\\pos-system\\app\\Core\\Database.php on line 29, referer: http://localhost/pos-system/app/Views/pages/settings.php
[Tue Mar 10 09:43:00.034348 2026] [php:notice] [pid 6576:tid 1936] [client ::1:62953] Database connection error: SQLSTATE[HY000] [2002] php_network_getaddresses: getaddrinfo for sql302.infinityfree.com failed: No such host is known. , referer: http://localhost/pos-system/app/Views/pages/settings.php
[Tue Mar 10 09:43:00.034348 2026] [php:error] [pid 6576:tid 1936] [client ::1:62953] PHP Fatal error:  Uncaught RuntimeException: Database connection failed. Check server logs. in C:\\xampp\\htdocs\\pos-system\\app\\Core\\Database.php:29\nStack trace:\n#0 C:\\xampp\\htdocs\\pos-system\\app\\Core\\Database.php(39): Database->__construct()\n#1 C:\\xampp\\htdocs\\pos-system\\app\\Repositories\\BaseRepository.php(12): Database::getInstance()\n#2 C:\\xampp\\htdocs\\pos-system\\app\\Repositories\\ProductsRepository.php(10): BaseRepository->__construct('products')\n#3 C:\\xampp\\htdocs\\pos-system\\app\\bootstrap.php(19): ProductsRepository->__construct()\n#4 C:\\xampp\\htdocs\\pos-system\\api\\_helpers.php(6): require_once('C:\\\\xampp\\\\htdocs...')\n#5 C:\\xampp\\htdocs\\pos-system\\api\\settings.php(5): require_once('C:\\\\xampp\\\\htdocs...')\n#6 {main}\n  thrown in C:\\xampp\\htdocs\\pos-system\\app\\Core\\Database.php on line 29, referer: http://localhost/pos-system/app/Views/pages/settings.php
[Tue Mar 10 09:43:00.053538 2026] [php:notice] [pid 6576:tid 1936] [client ::1:15413] Database connection error: SQLSTATE[HY000] [2002] php_network_getaddresses: getaddrinfo for sql302.infinityfree.com failed: No such host is known. , referer: http://localhost/pos-system/app/Views/pages/settings.php
[Tue Mar 10 09:43:00.053538 2026] [php:error] [pid 6576:tid 1936] [client ::1:15413] PHP Fatal error:  Uncaught RuntimeException: Database connection failed. Check server logs. in C:\\xampp\\htdocs\\pos-system\\app\\Core\\Database.php:29\nStack trace:\n#0 C:\\xampp\\htdocs\\pos-system\\app\\Core\\Database.php(39): Database->__construct()\n#1 C:\\xampp\\htdocs\\pos-system\\app\\Repositories\\BaseRepository.php(12): Database::getInstance()\n#2 C:\\xampp\\htdocs\\pos-system\\app\\Repositories\\ProductsRepository.php(10): BaseRepository->__construct('products')\n#3 C:\\xampp\\htdocs\\pos-system\\app\\bootstrap.php(19): ProductsRepository->__construct()\n#4 C:\\xampp\\htdocs\\pos-system\\api\\_helpers.php(6): require_once('C:\\\\xampp\\\\htdocs...')\n#5 C:\\xampp\\htdocs\\pos-system\\api\\settings.php(5): require_once('C:\\\\xampp\\\\htdocs...')\n#6 {main}\n  thrown in C:\\xampp\\htdocs\\pos-system\\app\\Core\\Database.php on line 29, referer: http://localhost/pos-system/app/Views/pages/settings.php
[Tue Mar 10 09:43:00.197203 2026] [php:notice] [pid 6576:tid 1936] [client ::1:63225] Database connection error: SQLSTATE[HY000] [2002] php_network_getaddresses: getaddrinfo for sql302.infinityfree.com failed: No such host is known. , referer: http://localhost/pos-system/app/Views/pages/settings.php
[Tue Mar 10 09:43:00.197203 2026] [php:error] [pid 6576:tid 1936] [client ::1:63225] PHP Fatal error:  Uncaught RuntimeException: Database connection failed. Check server logs. in C:\\xampp\\htdocs\\pos-system\\app\\Core\\Database.php:29\nStack trace:\n#0 C:\\xampp\\htdocs\\pos-system\\app\\Core\\Database.php(39): Database->__construct()\n#1 C:\\xampp\\htdocs\\pos-system\\app\\Repositories\\BaseRepository.php(12): Database::getInstance()\n#2 C:\\xampp\\htdocs\\pos-system\\app\\Repositories\\ProductsRepository.php(10): BaseRepository->__construct('products')\n#3 C:\\xampp\\htdocs\\pos-system\\app\\bootstrap.php(19): ProductsRepository->__construct()\n#4 C:\\xampp\\htdocs\\pos-system\\api\\_helpers.php(6): require_once('C:\\\\xampp\\\\htdocs...')\n#5 C:\\xampp\\htdocs\\pos-system\\api\\settings.php(5): require_once('C:\\\\xampp\\\\htdocs...')\n#6 {main}\n  thrown in C:\\xampp\\htdocs\\pos-system\\app\\Core\\Database.php on line 29, referer: http://localhost/pos-system/app/Views/pages/settings.php
[Tue Mar 10 09:43:00.215865 2026] [php:notice] [pid 6576:tid 1936] [client ::1:23167] Database connection error: SQLSTATE[HY000] [2002] php_network_getaddresses: getaddrinfo for sql302.infinityfree.com failed: No such host is known. , referer: http://localhost/pos-system/app/Views/pages/settings.php
[Tue Mar 10 09:43:00.216759 2026] [php:error] [pid 6576:tid 1936] [client ::1:23167] PHP Fatal error:  Uncaught RuntimeException: Database connection failed. Check server logs. in C:\\xampp\\htdocs\\pos-system\\app\\Core\\Database.php:29\nStack trace:\n#0 C:\\xampp\\htdocs\\pos-system\\app\\Core\\Database.php(39): Database->__construct()\n#1 C:\\xampp\\htdocs\\pos-system\\app\\Repositories\\BaseRepository.php(12): Database::getInstance()\n#2 C:\\xampp\\htdocs\\pos-system\\app\\Repositories\\ProductsRepository.php(10): BaseRepository->__construct('products')\n#3 C:\\xampp\\htdocs\\pos-system\\app\\bootstrap.php(19): ProductsRepository->__construct()\n#4 C:\\xampp\\htdocs\\pos-system\\api\\_helpers.php(6): require_once('C:\\\\xampp\\\\htdocs...')\n#5 C:\\xampp\\htdocs\\pos-system\\api\\settings.php(5): require_once('C:\\\\xampp\\\\htdocs...')\n#6 {main}\n  thrown in C:\\xampp\\htdocs\\pos-system\\app\\Core\\Database.php on line 29, referer: http://localhost/pos-system/app/Views/pages/settings.php
[Tue Mar 10 09:43:00.227668 2026] [php:notice] [pid 6576:tid 1936] [client ::1:41270] Database connection error: SQLSTATE[HY000] [2002] php_network_getaddresses: getaddrinfo for sql302.infinityfree.com failed: No such host is known. , referer: http://localhost/pos-system/app/Views/pages/settings.php
[Tue Mar 10 09:43:00.227668 2026] [php:error] [pid 6576:tid 1936] [client ::1:41270] PHP Fatal error:  Uncaught RuntimeException: Database connection failed. Check server logs. in C:\\xampp\\htdocs\\pos-system\\app\\Core\\Database.php:29\nStack trace:\n#0 C:\\xampp\\htdocs\\pos-system\\app\\Core\\Database.php(39): Database->__construct()\n#1 C:\\xampp\\htdocs\\pos-system\\app\\Repositories\\BaseRepository.php(12): Database::getInstance()\n#2 C:\\xampp\\htdocs\\pos-system\\app\\Repositories\\ProductsRepository.php(10): BaseRepository->__construct('products')\n#3 C:\\xampp\\htdocs\\pos-system\\app\\bootstrap.php(19): ProductsRepository->__construct()\n#4 C:\\xampp\\htdocs\\pos-system\\api\\_helpers.php(6): require_once('C:\\\\xampp\\\\htdocs...')\n#5 C:\\xampp\\htdocs\\pos-system\\api\\settings.php(5): require_once('C:\\\\xampp\\\\htdocs...')\n#6 {main}\n  thrown in C:\\xampp\\htdocs\\pos-system\\app\\Core\\Database.php on line 29, referer: http://localhost/pos-system/app/Views/pages/settings.php
[Tue Mar 10 09:43:00.415970 2026] [php:notice] [pid 6576:tid 1936] [client ::1:13286] Database connection error: SQLSTATE[HY000] [2002] php_network_getaddresses: getaddrinfo for sql302.infinityfree.com failed: No such host is known. , referer: http://localhost/pos-system/app/Views/pages/settings.php
[Tue Mar 10 09:43:00.415970 2026] [php:error] [pid 6576:tid 1936] [client ::1:13286] PHP Fatal error:  Uncaught RuntimeException: Database connection failed. Check server logs. in C:\\xampp\\htdocs\\pos-system\\app\\Core\\Database.php:29\nStack trace:\n#0 C:\\xampp\\htdocs\\pos-system\\app\\Core\\Database.php(39): Database->__construct()\n#1 C:\\xampp\\htdocs\\pos-system\\app\\Repositories\\BaseRepository.php(12): Database::getInstance()\n#2 C:\\xampp\\htdocs\\pos-system\\app\\Repositories\\ProductsRepository.php(10): BaseRepository->__construct('products')\n#3 C:\\xampp\\htdocs\\pos-system\\app\\bootstrap.php(19): ProductsRepository->__construct()\n#4 C:\\xampp\\htdocs\\pos-system\\api\\_helpers.php(6): require_once('C:\\\\xampp\\\\htdocs...')\n#5 C:\\xampp\\htdocs\\pos-system\\api\\settings.php(5): require_once('C:\\\\xampp\\\\htdocs...')\n#6 {main}\n  thrown in C:\\xampp\\htdocs\\pos-system\\app\\Core\\Database.php on line 29, referer: http://localhost/pos-system/app/Views/pages/settings.php
[Tue Mar 10 09:43:00.424049 2026] [php:notice] [pid 6576:tid 1936] [client ::1:21382] Database connection error: SQLSTATE[HY000] [2002] php_network_getaddresses: getaddrinfo for sql302.infinityfree.com failed: No such host is known. , referer: http://localhost/pos-system/app/Views/pages/settings.php
[Tue Mar 10 09:43:00.432379 2026] [php:error] [pid 6576:tid 1936] [client ::1:21382] PHP Fatal error:  Uncaught RuntimeException: Database connection failed. Check server logs. in C:\\xampp\\htdocs\\pos-system\\app\\Core\\Database.php:29\nStack trace:\n#0 C:\\xampp\\htdocs\\pos-system\\app\\Core\\Database.php(39): Database->__construct()\n#1 C:\\xampp\\htdocs\\pos-system\\app\\Repositories\\BaseRepository.php(12): Database::getInstance()\n#2 C:\\xampp\\htdocs\\pos-system\\app\\Repositories\\ProductsRepository.php(10): BaseRepository->__construct('products')\n#3 C:\\xampp\\htdocs\\pos-system\\app\\bootstrap.php(19): ProductsRepository->__construct()\n#4 C:\\xampp\\htdocs\\pos-system\\api\\_helpers.php(6): require_once('C:\\\\xampp\\\\htdocs...')\n#5 C:\\xampp\\htdocs\\pos-system\\api\\settings.php(5): require_once('C:\\\\xampp\\\\htdocs...')\n#6 {main}\n  thrown in C:\\xampp\\htdocs\\pos-system\\app\\Core\\Database.php on line 29, referer: http://localhost/pos-system/app/Views/pages/settings.php
[Tue Mar 10 09:43:00.448238 2026] [php:notice] [pid 6576:tid 1936] [client ::1:58831] Database connection error: SQLSTATE[HY000] [2002] php_network_getaddresses: getaddrinfo for sql302.infinityfree.com failed: No such host is known. , referer: http://localhost/pos-system/app/Views/pages/settings.php
[Tue Mar 10 09:43:00.448238 2026] [php:error] [pid 6576:tid 1936] [client ::1:58831] PHP Fatal error:  Uncaught RuntimeException: Database connection failed. Check server logs. in C:\\xampp\\htdocs\\pos-system\\app\\Core\\Database.php:29\nStack trace:\n#0 C:\\xampp\\htdocs\\pos-system\\app\\Core\\Database.php(39): Database->__construct()\n#1 C:\\xampp\\htdocs\\pos-system\\app\\Repositories\\BaseRepository.php(12): Database::getInstance()\n#2 C:\\xampp\\htdocs\\pos-system\\app\\Repositories\\ProductsRepository.php(10): BaseRepository->__construct('products')\n#3 C:\\xampp\\htdocs\\pos-system\\app\\bootstrap.php(19): ProductsRepository->__construct()\n#4 C:\\xampp\\htdocs\\pos-system\\api\\_helpers.php(6): require_once('C:\\\\xampp\\\\htdocs...')\n#5 C:\\xampp\\htdocs\\pos-system\\api\\settings.php(5): require_once('C:\\\\xampp\\\\htdocs...')\n#6 {main}\n  thrown in C:\\xampp\\htdocs\\pos-system\\app\\Core\\Database.php on line 29, referer: http://localhost/pos-system/app/Views/pages/settings.php
[Tue Mar 10 09:43:00.635070 2026] [php:notice] [pid 6576:tid 1936] [client ::1:11084] Database connection error: SQLSTATE[HY000] [2002] php_network_getaddresses: getaddrinfo for sql302.infinityfree.com failed: No such host is known. , referer: http://localhost/pos-system/app/Views/pages/settings.php
[Tue Mar 10 09:43:00.635070 2026] [php:error] [pid 6576:tid 1936] [client ::1:11084] PHP Fatal error:  Uncaught RuntimeException: Database connection failed. Check server logs. in C:\\xampp\\htdocs\\pos-system\\app\\Core\\Database.php:29\nStack trace:\n#0 C:\\xampp\\htdocs\\pos-system\\app\\Core\\Database.php(39): Database->__construct()\n#1 C:\\xampp\\htdocs\\pos-system\\app\\Repositories\\BaseRepository.php(12): Database::getInstance()\n#2 C:\\xampp\\htdocs\\pos-system\\app\\Repositories\\ProductsRepository.php(10): BaseRepository->__construct('products')\n#3 C:\\xampp\\htdocs\\pos-system\\app\\bootstrap.php(19): ProductsRepository->__construct()\n#4 C:\\xampp\\htdocs\\pos-system\\api\\_helpers.php(6): require_once('C:\\\\xampp\\\\htdocs...')\n#5 C:\\xampp\\htdocs\\pos-system\\api\\settings.php(5): require_once('C:\\\\xampp\\\\htdocs...')\n#6 {main}\n  thrown in C:\\xampp\\htdocs\\pos-system\\app\\Core\\Database.php on line 29, referer: http://localhost/pos-system/app/Views/pages/settings.php
[Tue Mar 10 09:43:00.650726 2026] [php:notice] [pid 6576:tid 1936] [client ::1:47882] Database connection error: SQLSTATE[HY000] [2002] php_network_getaddresses: getaddrinfo for sql302.infinityfree.com failed: No such host is known. , referer: http://localhost/pos-system/app/Views/pages/settings.php
[Tue Mar 10 09:43:00.650726 2026] [php:error] [pid 6576:tid 1936] [client ::1:47882] PHP Fatal error:  Uncaught RuntimeException: Database connection failed. Check server logs. in C:\\xampp\\htdocs\\pos-system\\app\\Core\\Database.php:29\nStack trace:\n#0 C:\\xampp\\htdocs\\pos-system\\app\\Core\\Database.php(39): Database->__construct()\n#1 C:\\xampp\\htdocs\\pos-system\\app\\Repositories\\BaseRepository.php(12): Database::getInstance()\n#2 C:\\xampp\\htdocs\\pos-system\\app\\Repositories\\ProductsRepository.php(10): BaseRepository->__construct('products')\n#3 C:\\xampp\\htdocs\\pos-system\\app\\bootstrap.php(19): ProductsRepository->__construct()\n#4 C:\\xampp\\htdocs\\pos-system\\api\\_helpers.php(6): require_once('C:\\\\xampp\\\\htdocs...')\n#5 C:\\xampp\\htdocs\\pos-system\\api\\settings.php(5): require_once('C:\\\\xampp\\\\htdocs...')\n#6 {main}\n  thrown in C:\\xampp\\htdocs\\pos-system\\app\\Core\\Database.php on line 29, referer: http://localhost/pos-system/app/Views/pages/settings.php
[Tue Mar 10 09:43:00.665231 2026] [php:notice] [pid 6576:tid 1936] [client ::1:13646] Database connection error: SQLSTATE[HY000] [2002] php_network_getaddresses: getaddrinfo for sql302.infinityfree.com failed: No such host is known. , referer: http://localhost/pos-system/app/Views/pages/settings.php
[Tue Mar 10 09:43:00.665231 2026] [php:error] [pid 6576:tid 1936] [client ::1:13646] PHP Fatal error:  Uncaught RuntimeException: Database connection failed. Check server logs. in C:\\xampp\\htdocs\\pos-system\\app\\Core\\Database.php:29\nStack trace:\n#0 C:\\xampp\\htdocs\\pos-system\\app\\Core\\Database.php(39): Database->__construct()\n#1 C:\\xampp\\htdocs\\pos-system\\app\\Repositories\\BaseRepository.php(12): Database::getInstance()\n#2 C:\\xampp\\htdocs\\pos-system\\app\\Repositories\\ProductsRepository.php(10): BaseRepository->__construct('products')\n#3 C:\\xampp\\htdocs\\pos-system\\app\\bootstrap.php(19): ProductsRepository->__construct()\n#4 C:\\xampp\\htdocs\\pos-system\\api\\_helpers.php(6): require_once('C:\\\\xampp\\\\htdocs...')\n#5 C:\\xampp\\htdocs\\pos-system\\api\\settings.php(5): require_once('C:\\\\xampp\\\\htdocs...')\n#6 {main}\n  thrown in C:\\xampp\\htdocs\\pos-system\\app\\Core\\Database.php on line 29, referer: http://localhost/pos-system/app/Views/pages/settings.php
[Tue Mar 10 09:43:06.124183 2026] [php:notice] [pid 6576:tid 1936] [client ::1:26958] Database connection error: SQLSTATE[HY000] [2002] php_network_getaddresses: getaddrinfo for sql302.infinityfree.com failed: No such host is known. , referer: http://localhost/pos-system/app/Views/pages/settings.php
[Tue Mar 10 09:43:06.124183 2026] [php:error] [pid 6576:tid 1936] [client ::1:26958] PHP Fatal error:  Uncaught RuntimeException: Database connection failed. Check server logs. in C:\\xampp\\htdocs\\pos-system\\app\\Core\\Database.php:29\nStack trace:\n#0 C:\\xampp\\htdocs\\pos-system\\app\\Core\\Database.php(39): Database->__construct()\n#1 C:\\xampp\\htdocs\\pos-system\\app\\Repositories\\BaseRepository.php(12): Database::getInstance()\n#2 C:\\xampp\\htdocs\\pos-system\\app\\Repositories\\ProductsRepository.php(10): BaseRepository->__construct('products')\n#3 C:\\xampp\\htdocs\\pos-system\\app\\bootstrap.php(19): ProductsRepository->__construct()\n#4 C:\\xampp\\htdocs\\pos-system\\app\\Views\\pages\\dashboard.php(12): require_once('C:\\\\xampp\\\\htdocs...')\n#5 {main}\n  thrown in C:\\xampp\\htdocs\\pos-system\\app\\Core\\Database.php on line 29, referer: http://localhost/pos-system/app/Views/pages/settings.php
[Tue Mar 10 09:43:08.433124 2026] [php:notice] [pid 6576:tid 1936] [client ::1:26958] Database connection error: SQLSTATE[HY000] [2002] php_network_getaddresses: getaddrinfo for sql302.infinityfree.com failed: No such host is known. , referer: http://localhost/pos-system/app/Views/pages/settings.php
[Tue Mar 10 09:43:08.433124 2026] [php:error] [pid 6576:tid 1936] [client ::1:26958] PHP Fatal error:  Uncaught RuntimeException: Database connection failed. Check server logs. in C:\\xampp\\htdocs\\pos-system\\app\\Core\\Database.php:29\nStack trace:\n#0 C:\\xampp\\htdocs\\pos-system\\app\\Core\\Database.php(39): Database->__construct()\n#1 C:\\xampp\\htdocs\\pos-system\\app\\Repositories\\BaseRepository.php(12): Database::getInstance()\n#2 C:\\xampp\\htdocs\\pos-system\\app\\Repositories\\ProductsRepository.php(10): BaseRepository->__construct('products')\n#3 C:\\xampp\\htdocs\\pos-system\\app\\bootstrap.php(19): ProductsRepository->__construct()\n#4 C:\\xampp\\htdocs\\pos-system\\app\\Views\\pages\\dashboard.php(12): require_once('C:\\\\xampp\\\\htdocs...')\n#5 {main}\n  thrown in C:\\xampp\\htdocs\\pos-system\\app\\Core\\Database.php on line 29, referer: http://localhost/pos-system/app/Views/pages/settings.php
[Tue Mar 10 09:43:09.314909 2026] [php:notice] [pid 6576:tid 1936] [client ::1:26958] Database connection error: SQLSTATE[HY000] [2002] php_network_getaddresses: getaddrinfo for sql302.infinityfree.com failed: No such host is known. , referer: http://localhost/pos-system/app/Views/pages/settings.php
[Tue Mar 10 09:43:09.317707 2026] [php:error] [pid 6576:tid 1936] [client ::1:26958] PHP Fatal error:  Uncaught RuntimeException: Database connection failed. Check server logs. in C:\\xampp\\htdocs\\pos-system\\app\\Core\\Database.php:29\nStack trace:\n#0 C:\\xampp\\htdocs\\pos-system\\app\\Core\\Database.php(39): Database->__construct()\n#1 C:\\xampp\\htdocs\\pos-system\\app\\Repositories\\BaseRepository.php(12): Database::getInstance()\n#2 C:\\xampp\\htdocs\\pos-system\\app\\Repositories\\ProductsRepository.php(10): BaseRepository->__construct('products')\n#3 C:\\xampp\\htdocs\\pos-system\\app\\bootstrap.php(19): ProductsRepository->__construct()\n#4 C:\\xampp\\htdocs\\pos-system\\app\\Views\\pages\\dashboard.php(12): require_once('C:\\\\xampp\\\\htdocs...')\n#5 {main}\n  thrown in C:\\xampp\\htdocs\\pos-system\\app\\Core\\Database.php on line 29, referer: http://localhost/pos-system/app/Views/pages/settings.php
